#
# A fatal error has been detected by the Java Runtime Environment:
#
#  EXCEPTION_ACCESS_VIOLATION (0xc0000005) at pc=0x000000006dd775de, pid=2792, tid=0x0000000000000ef0
#
# JRE version: OpenJDK Runtime Environment (8.0_76-b03) (build 1.8.0_76-release-b03)
# Java VM: OpenJDK 64-Bit Server VM (25.76-b03 mixed mode windows-amd64 compressed oops)
# Problematic frame:
# V  [jvm.dll+0x475de]
#
# Failed to write core dump. Minidumps are not enabled by default on client versions of Windows
#
# If you would like to submit a bug report, please visit:
#   http://bugreport.java.com/bugreport/crash.jsp
#

---------------  T H R E A D  ---------------

Current thread (0x000000005a4a1000):  JavaThread "Daemon worker Thread 2" [_thread_in_vm, id=3824, stack(0x00000000594d0000,0x00000000595d0000)]

siginfo: ExceptionCode=0xc0000005, reading address 0xffffffffffffffff

Registers:
RAX=0x00100000599652d0, RBX=0x00000000595c9790, RCX=0x000000000405e510, RDX=0x000000000405f00c
RSP=0x00000000595c8f70, RBP=0x00000000595c9020, RSI=0x00000000595c9790, RDI=0x000000005a4a1000
R8 =0x0000000002740000, R9 =0x0000000000000006, R10=0x0000000000000000, R11=0x00000000027863de
R12=0x000000005d05c8f0, R13=0x0000000000000000, R14=0x000000005d05ccd8, R15=0x00000000000003d8
RIP=0x000000006dd775de, EFLAGS=0x0000000000010202

Top of Stack: (sp=0x00000000595c8f70)
0x00000000595c8f70:   00000000595c8ff0 00000000595c9020
0x00000000595c8f80:   00000000595c9790 0000000059e18a68
0x00000000595c8f90:   000000005a4a1000 000000006dd78e46
0x00000000595c8fa0:   0000000000000001 0000000000000001
0x00000000595c8fb0:   0000000057610df8 0000000057edd920
0x00000000595c8fc0:   00000000595c9eb0 00000000027863de
0x00000000595c8fd0:   0000000002786310 0000000000000000
0x00000000595c8fe0:   0000000000000000 00000000595c9eb0
0x00000000595c8ff0:   00000000595ca170 000000000405f00c
0x00000000595c9000:   000000000405e510 0000000000000000
0x00000000595c9010:   00000000595ca390 00000000595ca170
0x00000000595c9020:   000000005d05c900 000000005d05c8f0
0x00000000595c9030:   00000000595c9140 000000006df360fa
0x00000000595c9040:   000000005a4a1000 000000005cb6fa10
0x00000000595c9050:   000000005cb6fa10 000000006ddd7a0a
0x00000000595c9060:   000000005b088018 00000000c02e7fe8 

Instructions: (pc=0x000000006dd775de)
0x000000006dd775be:   10 48 85 c9 0f 84 b1 00 00 00 48 8b 01 ff 50 08
0x000000006dd775ce:   84 c0 0f 84 a3 00 00 00 48 8b 4b 10 48 8b 41 40
0x000000006dd775de:   8b 40 20 c1 e8 08 a8 01 74 2b 48 c7 83 f0 05 00
0x000000006dd775ee:   00 01 00 00 00 48 8b 41 40 33 ff 48 89 83 f8 05 


Register to memory mapping:

RAX=0x00100000599652d0 is an unknown value
RBX=0x00000000595c9790 is pointing into the stack for thread: 0x000000005a4a1000
RCX=0x000000000405e510 is at entry_point+-816 in (nmethod*)0x000000000405e510

[error occurred during error reporting (printing register info), id 0xc0000005]

Stack: [0x00000000594d0000,0x00000000595d0000],  sp=0x00000000595c8f70,  free space=995k
Native frames: (J=compiled Java code, j=interpreted, Vv=VM code, C=native code)
V  [jvm.dll+0x475de]
V  [jvm.dll+0x48e46]
V  [jvm.dll+0x2060fa]
V  [jvm.dll+0x206c96]
V  [jvm.dll+0x2072f7]
C  0x00000000027863de

Java frames: (J=compiled Java code, j=interpreted, Vv=VM code)
v  ~RuntimeStub::resolve_static_call
J 9547 C1 groovy.lang.MetaClassImpl.chooseMethodInternal(Ljava/lang/String;Ljava/lang/Object;[Ljava/lang/Class;)Ljava/lang/Object; (269 bytes) @ 0x000000000405f00c [0x000000000405e840+0x7cc]
J 6699 C1 groovy.lang.MetaClassImpl.pickMethod(Ljava/lang/String;[Ljava/lang/Class;)Lgroovy/lang/MetaMethod; (12 bytes) @ 0x0000000003c71f2c [0x0000000003c71c80+0x2ac]
j  groovy.lang.MetaClassImpl.getMetaMethod(Ljava/lang/String;[Ljava/lang/Object;)Lgroovy/lang/MetaMethod;+8
j  org.gradle.internal.metaobject.BeanDynamicObject$MetaClassAdapter.lookupMethod(Lgroovy/lang/MetaClass;Ljava/lang/String;[Ljava/lang/Class;)Lgroovy/lang/MetaMethod;+3
j  org.gradle.internal.metaobject.BeanDynamicObject$MetaClassAdapter.invokeMethod(Ljava/lang/String;Lorg/gradle/internal/metaobject/InvokeMethodResult;[Ljava/lang/Object;)V+18
j  org.gradle.internal.metaobject.BeanDynamicObject.invokeMethod(Ljava/lang/String;Lorg/gradle/internal/metaobject/InvokeMethodResult;[Ljava/lang/Object;)V+7
j  org.gradle.internal.metaobject.CompositeDynamicObject.invokeMethod(Ljava/lang/String;Lorg/gradle/internal/metaobject/InvokeMethodResult;[Ljava/lang/Object;)V+33
j  org.gradle.internal.metaobject.MixInClosurePropertiesAsMethodsDynamicObject.invokeMethod(Ljava/lang/String;Lorg/gradle/internal/metaobject/InvokeMethodResult;[Ljava/lang/Object;)V+4
j  org.gradle.internal.metaobject.CompositeDynamicObject.invokeMethod(Ljava/lang/String;Lorg/gradle/internal/metaobject/InvokeMethodResult;[Ljava/lang/Object;)V+33
j  org.gradle.internal.metaobject.MixInClosurePropertiesAsMethodsDynamicObject.invokeMethod(Ljava/lang/String;Lorg/gradle/internal/metaobject/InvokeMethodResult;[Ljava/lang/Object;)V+4
j  org.gradle.internal.metaobject.ConfigureDelegate.invokeMethod(Ljava/lang/String;Ljava/lang/Object;)Ljava/lang/Object;+51
j  org.codehaus.groovy.runtime.metaclass.ClosureMetaClass.invokeOnDelegationObjects(ZLjava/lang/Object;ZLjava/lang/Object;Ljava/lang/String;[Ljava/lang/Object;)Ljava/lang/Object;+19
J 6641 C1 org.codehaus.groovy.runtime.metaclass.ClosureMetaClass.invokeMethod(Ljava/lang/Class;Ljava/lang/Object;Ljava/lang/String;[Ljava/lang/Object;ZZ)Ljava/lang/Object; (894 bytes) @ 0x0000000003c30b9c [0x0000000003c2dcc0+0x2edc]
J 6586 C1 groovy.lang.MetaClassImpl.invokeMethod(Ljava/lang/Object;Ljava/lang/String;[Ljava/lang/Object;)Ljava/lang/Object; (14 bytes) @ 0x0000000003239464 [0x0000000003239340+0x124]
J 6802 C1 org.codehaus.groovy.runtime.callsite.PogoMetaClassSite.callCurrent(Lgroovy/lang/GroovyObject;[Ljava/lang/Object;)Ljava/lang/Object; (92 bytes) @ 0x0000000002b69964 [0x0000000002b69500+0x464]
j  org.codehaus.groovy.runtime.callsite.AbstractCallSite.callCurrent(Lgroovy/lang/GroovyObject;)Ljava/lang/Object;+5
j  build_5za9fbxsz0qzvqof7x3gssft6$_run_closure1$_closure2.doCall(Ljava/lang/Object;)Ljava/lang/Object;+9
v  ~StubRoutines::call_stub
J 1444  sun.reflect.NativeMethodAccessorImpl.invoke0(Ljava/lang/reflect/Method;Ljava/lang/Object;[Ljava/lang/Object;)Ljava/lang/Object; (0 bytes) @ 0x0000000002bd00ff [0x0000000002bd0080+0x7f]
J 1443 C1 sun.reflect.NativeMethodAccessorImpl.invoke(Ljava/lang/Object;[Ljava/lang/Object;)Ljava/lang/Object; (104 bytes) @ 0x0000000002bd9cd4 [0x0000000002bd8b80+0x1154]
J 6725 C2 org.codehaus.groovy.reflection.CachedMethod.invoke(Ljava/lang/Object;[Ljava/lang/Object;)Ljava/lang/Object; (70 bytes) @ 0x0000000003cc2138 [0x0000000003cc20c0+0x78]
J 6515 C1 groovy.lang.MetaMethod.doMethodInvoke(Ljava/lang/Object;[Ljava/lang/Object;)Ljava/lang/Object; (22 bytes) @ 0x0000000002c77ebc [0x0000000002c77d00+0x1bc]
J 6641 C1 org.codehaus.groovy.runtime.metaclass.ClosureMetaClass.invokeMethod(Ljava/lang/Class;Ljava/lang/Object;Ljava/lang/String;[Ljava/lang/Object;ZZ)Ljava/lang/Object; (894 bytes) @ 0x0000000003c31ca4 [0x0000000003c2dcc0+0x3fe4]
J 6586 C1 groovy.lang.MetaClassImpl.invokeMethod(Ljava/lang/Object;Ljava/lang/String;[Ljava/lang/Object;)Ljava/lang/Object; (14 bytes) @ 0x0000000003239464 [0x0000000003239340+0x124]
J 6631 C1 groovy.lang.Closure.call([Ljava/lang/Object;)Ljava/lang/Object; (30 bytes) @ 0x0000000003c07544 [0x0000000003c07120+0x424]
J 6632 C1 groovy.lang.Closure.call(Ljava/lang/Object;)Ljava/lang/Object; (13 bytes) @ 0x0000000003c06cd4 [0x0000000003c06a40+0x294]
j  org.gradle.api.internal.ClosureBackedAction.execute(Ljava/lang/Object;)V+80
j  org.gradle.util.ConfigureUtil.configureSelf(Lgroovy/lang/Closure;Ljava/lang/Object;)Ljava/lang/Object;+21
j  org.gradle.api.internal.artifacts.DefaultArtifactRepositoryContainer.configure(Lgroovy/lang/Closure;)Lorg/gradle/api/internal/artifacts/DefaultArtifactRepositoryContainer;+2
j  org.gradle.api.internal.artifacts.DefaultArtifactRepositoryContainer.configure(Lgroovy/lang/Closure;)Ljava/lang/Object;+2
j  org.gradle.util.ConfigureUtil.configure(Lgroovy/lang/Closure;Ljava/lang/Object;)Ljava/lang/Object;+18
j  org.gradle.api.internal.initialization.DefaultScriptHandler.repositories(Lgroovy/lang/Closure;)V+5
v  ~StubRoutines::call_stub
J 1444  sun.reflect.NativeMethodAccessorImpl.invoke0(Ljava/lang/reflect/Method;Ljava/lang/Object;[Ljava/lang/Object;)Ljava/lang/Object; (0 bytes) @ 0x0000000002bd00ff [0x0000000002bd0080+0x7f]
J 1443 C1 sun.reflect.NativeMethodAccessorImpl.invoke(Ljava/lang/Object;[Ljava/lang/Object;)Ljava/lang/Object; (104 bytes) @ 0x0000000002bd9cd4 [0x0000000002bd8b80+0x1154]
J 6725 C2 org.codehaus.groovy.reflection.CachedMethod.invoke(Ljava/lang/Object;[Ljava/lang/Object;)Ljava/lang/Object; (70 bytes) @ 0x0000000003cc2138 [0x0000000003cc20c0+0x78]
J 6515 C1 groovy.lang.MetaMethod.doMethodInvoke(Ljava/lang/Object;[Ljava/lang/Object;)Ljava/lang/Object; (22 bytes) @ 0x0000000002c77ebc [0x0000000002c77d00+0x1bc]
j  org.gradle.internal.metaobject.BeanDynamicObject$MetaClassAdapter.invokeMethod(Ljava/lang/String;Lorg/gradle/internal/metaobject/InvokeMethodResult;[Ljava/lang/Object;)V+39
j  org.gradle.internal.metaobject.BeanDynamicObject.invokeMethod(Ljava/lang/String;Lorg/gradle/internal/metaobject/InvokeMethodResult;[Ljava/lang/Object;)V+7
j  org.gradle.internal.metaobject.ConfigureDelegate.invokeMethod(Ljava/lang/String;Ljava/lang/Object;)Ljava/lang/Object;+51
j  org.codehaus.groovy.runtime.metaclass.ClosureMetaClass.invokeOnDelegationObjects(ZLjava/lang/Object;ZLjava/lang/Object;Ljava/lang/String;[Ljava/lang/Object;)Ljava/lang/Object;+19
J 6641 C1 org.codehaus.groovy.runtime.metaclass.ClosureMetaClass.invokeMethod(Ljava/lang/Class;Ljava/lang/Object;Ljava/lang/String;[Ljava/lang/Object;ZZ)Ljava/lang/Object; (894 bytes) @ 0x0000000003c30b9c [0x0000000003c2dcc0+0x2edc]
J 6586 C1 groovy.lang.MetaClassImpl.invokeMethod(Ljava/lang/Object;Ljava/lang/String;[Ljava/lang/Object;)Ljava/lang/Object; (14 bytes) @ 0x0000000003239464 [0x0000000003239340+0x124]
J 6802 C1 org.codehaus.groovy.runtime.callsite.PogoMetaClassSite.callCurrent(Lgroovy/lang/GroovyObject;[Ljava/lang/Object;)Ljava/lang/Object; (92 bytes) @ 0x0000000002b69964 [0x0000000002b69500+0x464]
J 6804 C1 org.codehaus.groovy.runtime.callsite.AbstractCallSite.callCurrent(Lgroovy/lang/GroovyObject;Ljava/lang/Object;)Ljava/lang/Object; (37 bytes) @ 0x00000000028a1034 [0x00000000028a0c60+0x3d4]
j  build_5za9fbxsz0qzvqof7x3gssft6$_run_closure1.doCall(Ljava/lang/Object;)Ljava/lang/Object;+21
v  ~StubRoutines::call_stub
J 1444  sun.reflect.NativeMethodAccessorImpl.invoke0(Ljava/lang/reflect/Method;Ljava/lang/Object;[Ljava/lang/Object;)Ljava/lang/Object; (0 bytes) @ 0x0000000002bd00ff [0x0000000002bd0080+0x7f]
J 1443 C1 sun.reflect.NativeMethodAccessorImpl.invoke(Ljava/lang/Object;[Ljava/lang/Object;)Ljava/lang/Object; (104 bytes) @ 0x0000000002bd9cd4 [0x0000000002bd8b80+0x1154]
J 6725 C2 org.codehaus.groovy.reflection.CachedMethod.invoke(Ljava/lang/Object;[Ljava/lang/Object;)Ljava/lang/Object; (70 bytes) @ 0x0000000003cc2138 [0x0000000003cc20c0+0x78]
J 6515 C1 groovy.lang.MetaMethod.doMethodInvoke(Ljava/lang/Object;[Ljava/lang/Object;)Ljava/lang/Object; (22 bytes) @ 0x0000000002c77ebc [0x0000000002c77d00+0x1bc]
J 6641 C1 org.codehaus.groovy.runtime.metaclass.ClosureMetaClass.invokeMethod(Ljava/lang/Class;Ljava/lang/Object;Ljava/lang/String;[Ljava/lang/Object;ZZ)Ljava/lang/Object; (894 bytes) @ 0x0000000003c31ca4 [0x0000000003c2dcc0+0x3fe4]
J 6586 C1 groovy.lang.MetaClassImpl.invokeMethod(Ljava/lang/Object;Ljava/lang/String;[Ljava/lang/Object;)Ljava/lang/Object; (14 bytes) @ 0x0000000003239464 [0x0000000003239340+0x124]
J 6631 C1 groovy.lang.Closure.call([Ljava/lang/Object;)Ljava/lang/Object; (30 bytes) @ 0x0000000003c07544 [0x0000000003c07120+0x424]
J 6632 C1 groovy.lang.Closure.call(Ljava/lang/Object;)Ljava/lang/Object; (13 bytes) @ 0x0000000003c06cd4 [0x0000000003c06a40+0x294]
j  org.gradle.api.internal.ClosureBackedAction.execute(Ljava/lang/Object;)V+80
j  org.gradle.util.ConfigureUtil.configure(Lgroovy/lang/Closure;Ljava/lang/Object;)Ljava/lang/Object;+44
j  org.gradle.api.internal.project.AbstractProject.buildscript(Lgroovy/lang/Closure;)V+5
j  org.gradle.api.internal.project.ProjectScript.buildscript(Lgroovy/lang/Closure;)V+5
j  org.gradle.api.Script$buildscript.callCurrent(Lgroovy/lang/GroovyObject;Ljava/lang/Object;)Ljava/lang/Object;+17
j  build_5za9fbxsz0qzvqof7x3gssft6.run()Ljava/lang/Object;+18
j  org.gradle.groovy.scripts.internal.DefaultScriptRunnerFactory$ScriptRunnerImpl.run(Ljava/lang/Object;Lorg/gradle/internal/service/ServiceRegistry;)V+60
j  org.gradle.configuration.DefaultScriptPluginFactory$ScriptPluginImpl.apply(Ljava/lang/Object;)V+317
j  org.gradle.configuration.project.BuildScriptProcessor.execute(Lorg/gradle/api/internal/project/ProjectInternal;)V+67
j  org.gradle.configuration.project.BuildScriptProcessor.execute(Ljava/lang/Object;)V+5
j  org.gradle.configuration.project.ConfigureActionsProjectEvaluator.evaluate(Lorg/gradle/api/internal/project/ProjectInternal;Lorg/gradle/api/internal/project/ProjectStateInternal;)V+33
j  org.gradle.configuration.project.LifecycleProjectEvaluator.evaluate(Lorg/gradle/api/internal/project/ProjectInternal;Lorg/gradle/api/internal/project/ProjectStateInternal;)V+54
j  org.gradle.api.internal.project.AbstractProject.evaluate()Lorg/gradle/api/internal/project/AbstractProject;+9
j  org.gradle.api.internal.project.AbstractProject.evaluate()Lorg/gradle/api/Project;+1
j  org.gradle.execution.TaskPathProjectEvaluator.configure(Lorg/gradle/api/internal/project/ProjectInternal;)V+21
j  org.gradle.configuration.DefaultBuildConfigurer.configure(Lorg/gradle/api/internal/GradleInternal;)V+32
j  org.gradle.initialization.DefaultGradleLauncher$2.run()V+14
J 5583 C1 org.gradle.internal.Factories$1.create()Ljava/lang/Object; (11 bytes) @ 0x00000000038db204 [0x00000000038db100+0x104]
j  org.gradle.internal.progress.DefaultBuildOperationExecutor.run(Lorg/gradle/internal/progress/BuildOperationDetails;Lorg/gradle/internal/Factory;)Ljava/lang/Object;+171
j  org.gradle.internal.progress.DefaultBuildOperationExecutor.run(Ljava/lang/String;Ljava/lang/Runnable;)V+12
j  org.gradle.initialization.DefaultGradleLauncher.doBuildStages(Lorg/gradle/initialization/DefaultGradleLauncher$Stage;)V+39
j  org.gradle.initialization.DefaultGradleLauncher.access$200(Lorg/gradle/initialization/DefaultGradleLauncher;Lorg/gradle/initialization/DefaultGradleLauncher$Stage;)V+2
j  org.gradle.initialization.DefaultGradleLauncher$1.create()Lorg/gradle/BuildResult;+29
j  org.gradle.initialization.DefaultGradleLauncher$1.create()Ljava/lang/Object;+1
j  org.gradle.internal.progress.DefaultBuildOperationExecutor.run(Lorg/gradle/internal/progress/BuildOperationDetails;Lorg/gradle/internal/Factory;)Ljava/lang/Object;+171
j  org.gradle.internal.progress.DefaultBuildOperationExecutor.run(Ljava/lang/String;Lorg/gradle/internal/Factory;)Ljava/lang/Object;+9
j  org.gradle.initialization.DefaultGradleLauncher.doBuild(Lorg/gradle/initialization/DefaultGradleLauncher$Stage;)Lorg/gradle/BuildResult;+15
j  org.gradle.initialization.DefaultGradleLauncher.run()Lorg/gradle/BuildResult;+4
j  org.gradle.launcher.exec.InProcessBuildActionExecuter$DefaultBuildController.run()Lorg/gradle/api/internal/GradleInternal;+4
j  org.gradle.tooling.internal.provider.runner.BuildModelActionRunner.run(Lorg/gradle/internal/invocation/BuildAction;Lorg/gradle/internal/invocation/BuildController;)V+29
j  org.gradle.launcher.exec.ChainingBuildActionRunner.run(Lorg/gradle/internal/invocation/BuildAction;Lorg/gradle/internal/invocation/BuildController;)V+34
j  org.gradle.tooling.internal.provider.runner.SubscribableBuildActionRunner.run(Lorg/gradle/internal/invocation/BuildAction;Lorg/gradle/internal/invocation/BuildController;)V+37
j  org.gradle.launcher.exec.ChainingBuildActionRunner.run(Lorg/gradle/internal/invocation/BuildAction;Lorg/gradle/internal/invocation/BuildController;)V+34
j  org.gradle.launcher.exec.InProcessBuildActionExecuter.execute(Lorg/gradle/internal/invocation/BuildAction;Lorg/gradle/initialization/BuildRequestContext;Lorg/gradle/launcher/exec/BuildActionParameters;Lorg/gradle/internal/service/ServiceRegistry;)Ljava/lang/Object;+77
j  org.gradle.launcher.exec.InProcessBuildActionExecuter.execute(Lorg/gradle/internal/invocation/BuildAction;Lorg/gradle/initialization/BuildRequestContext;Ljava/lang/Object;Lorg/gradle/internal/service/ServiceRegistry;)Ljava/lang/Object;+9
j  org.gradle.launcher.exec.ContinuousBuildActionExecuter.execute(Lorg/gradle/internal/invocation/BuildAction;Lorg/gradle/initialization/BuildRequestContext;Lorg/gradle/launcher/exec/BuildActionParameters;Lorg/gradle/internal/service/ServiceRegistry;)Ljava/lang/Object;+114
j  org.gradle.launcher.exec.ContinuousBuildActionExecuter.execute(Lorg/gradle/internal/invocation/BuildAction;Lorg/gradle/initialization/BuildRequestContext;Ljava/lang/Object;Lorg/gradle/internal/service/ServiceRegistry;)Ljava/lang/Object;+9
j  org.gradle.launcher.daemon.server.exec.ExecuteBuild.doBuild(Lorg/gradle/launcher/daemon/server/api/DaemonCommandExecution;Lorg/gradle/launcher/daemon/protocol/Build;)V+74
j  org.gradle.launcher.daemon.server.exec.BuildCommandOnly.execute(Lorg/gradle/launcher/daemon/server/api/DaemonCommandExecution;)V+49
j  org.gradle.launcher.daemon.server.api.DaemonCommandExecution.proceed()Z+28
j  org.gradle.launcher.daemon.server.exec.WatchForDisconnection.execute(Lorg/gradle/launcher/daemon/server/api/DaemonCommandExecution;)V+19
j  org.gradle.launcher.daemon.server.api.DaemonCommandExecution.proceed()Z+28
j  org.gradle.launcher.daemon.server.exec.ResetDeprecationLogger.execute(Lorg/gradle/launcher/daemon/server/api/DaemonCommandExecution;)V+4
j  org.gradle.launcher.daemon.server.api.DaemonCommandExecution.proceed()Z+28
j  org.gradle.launcher.daemon.server.exec.RequestStopIfSingleUsedDaemon.execute(Lorg/gradle/launcher/daemon/server/api/DaemonCommandExecution;)V+31
j  org.gradle.launcher.daemon.server.api.DaemonCommandExecution.proceed()Z+28
j  org.gradle.launcher.daemon.server.exec.ForwardClientInput$2.call()Ljava/lang/Void;+4
j  org.gradle.launcher.daemon.server.exec.ForwardClientInput$2.call()Ljava/lang/Object;+1
j  org.gradle.util.Swapper.swap(Ljava/lang/Object;Ljava/util/concurrent/Callable;)Ljava/lang/Object;+21
j  org.gradle.launcher.daemon.server.exec.ForwardClientInput.execute(Lorg/gradle/launcher/daemon/server/api/DaemonCommandExecution;)V+63
j  org.gradle.launcher.daemon.server.api.DaemonCommandExecution.proceed()Z+28
j  org.gradle.launcher.daemon.server.health.DaemonHealthTracker.execute(Lorg/gradle/launcher/daemon/server/api/DaemonCommandExecution;)V+35
j  org.gradle.launcher.daemon.server.api.DaemonCommandExecution.proceed()Z+28
j  org.gradle.launcher.daemon.server.exec.LogToClient.doBuild(Lorg/gradle/launcher/daemon/server/api/DaemonCommandExecution;Lorg/gradle/launcher/daemon/protocol/Build;)V+87
j  org.gradle.launcher.daemon.server.exec.BuildCommandOnly.execute(Lorg/gradle/launcher/daemon/server/api/DaemonCommandExecution;)V+49
j  org.gradle.launcher.daemon.server.api.DaemonCommandExecution.proceed()Z+28
j  org.gradle.launcher.daemon.server.exec.EstablishBuildEnvironment.doBuild(Lorg/gradle/launcher/daemon/server/api/DaemonCommandExecution;Lorg/gradle/launcher/daemon/protocol/Build;)V+279
j  org.gradle.launcher.daemon.server.exec.BuildCommandOnly.execute(Lorg/gradle/launcher/daemon/server/api/DaemonCommandExecution;)V+49
j  org.gradle.launcher.daemon.server.api.DaemonCommandExecution.proceed()Z+28
j  org.gradle.launcher.daemon.server.health.HintGCAfterBuild.execute(Lorg/gradle/launcher/daemon/server/api/DaemonCommandExecution;)V+1
j  org.gradle.launcher.daemon.server.api.DaemonCommandExecution.proceed()Z+28
j  org.gradle.launcher.daemon.server.exec.StartBuildOrRespondWithBusy$1.run()V+44
j  org.gradle.launcher.daemon.server.DaemonStateCoordinator$1.run()V+4
j  org.gradle.internal.concurrent.ExecutorPolicy$CatchAndRecordFailures.onExecute(Ljava/lang/Runnable;)V+1
j  org.gradle.internal.concurrent.StoppableExecutorImpl$1.run()V+25
j  java.util.concurrent.ThreadPoolExecutor.runWorker(Ljava/util/concurrent/ThreadPoolExecutor$Worker;)V+95
j  java.util.concurrent.ThreadPoolExecutor$Worker.run()V+5
j  java.lang.Thread.run()V+11
v  ~StubRoutines::call_stub

---------------  P R O C E S S  ---------------

Java Threads: ( => current thread )
  0x000000005a4a2000 JavaThread "Stdin handler" [_thread_blocked, id=3632, stack(0x000000005e2d0000,0x000000005e3d0000)]
  0x000000005a4a2800 JavaThread "Asynchronous log dispatcher for org.gradle.launcher.daemon.server.DefaultDaemonConnection@70950bea" [_thread_blocked, id=4192, stack(0x000000005e090000,0x000000005e190000)]
=>0x000000005a4a1000 JavaThread "Daemon worker Thread 2" [_thread_in_vm, id=3824, stack(0x00000000594d0000,0x00000000595d0000)]
  0x000000005a4a0800 JavaThread "Cancel handler" [_thread_blocked, id=3268, stack(0x0000000059360000,0x0000000059460000)]
  0x000000005a49f800 JavaThread "Handler for socket connection from /127.0.0.1:49198 to /127.0.0.1:49541" [_thread_in_native, id=3812, stack(0x0000000056de0000,0x0000000056ee0000)]
  0x000000005a49f000 JavaThread "Daemon Thread 2" [_thread_blocked, id=3832, stack(0x0000000059180000,0x0000000059280000)]
  0x0000000059ef0800 JavaThread "File lock request listener" [_thread_in_native, id=868, stack(0x000000005c540000,0x000000005c640000)]
  0x0000000057ea3800 JavaThread "pool-1-thread-1" [_thread_blocked, id=2532, stack(0x0000000059040000,0x0000000059140000)]
  0x00000000587e3000 JavaThread "Incoming local TCP Connector on port 49198" [_thread_in_native, id=188, stack(0x0000000058d20000,0x0000000058e20000)]
  0x000000005682c800 JavaThread "Service Thread" daemon [_thread_blocked, id=1588, stack(0x0000000057060000,0x0000000057160000)]
  0x00000000567d3000 JavaThread "C1 CompilerThread2" daemon [_thread_blocked, id=1160, stack(0x0000000056ef0000,0x0000000056ff0000)]
  0x00000000567d1000 JavaThread "C2 CompilerThread1" daemon [_thread_in_native, id=696, stack(0x0000000056cc0000,0x0000000056dc0000)]
  0x0000000055079000 JavaThread "C2 CompilerThread0" daemon [_thread_blocked, id=892, stack(0x0000000056590000,0x0000000056690000)]
  0x0000000055074800 JavaThread "Attach Listener" daemon [_thread_blocked, id=1864, stack(0x00000000566d0000,0x00000000567d0000)]
  0x0000000055073000 JavaThread "Signal Dispatcher" daemon [_thread_blocked, id=1840, stack(0x0000000055ff0000,0x00000000560f0000)]
  0x0000000055052000 JavaThread "Finalizer" daemon [_thread_blocked, id=752, stack(0x0000000056420000,0x0000000056520000)]
  0x0000000055010800 JavaThread "Reference Handler" daemon [_thread_blocked, id=900, stack(0x00000000562d0000,0x00000000563d0000)]
  0x00000000022be800 JavaThread "main" [_thread_blocked, id=1392, stack(0x00000000022f0000,0x00000000023f0000)]

Other Threads:
  0x0000000055009000 VMThread [stack: 0x0000000056110000,0x0000000056210000] [id=1076]
  0x000000005682d800 WatcherThread [stack: 0x0000000057190000,0x0000000057290000] [id=1268]

VM state:not at safepoint (normal execution)

VM Mutex/Monitor currently owned by a thread: None

Heap:
 PSYoungGen      total 321024K, used 226000K [0x00000000eab00000, 0x0000000100000000, 0x0000000100000000)
  eden space 294912K, 70% used [0x00000000eab00000,0x00000000f7562310,0x00000000fcb00000)
  from space 26112K, 71% used [0x00000000fe680000,0x00000000ff8d2068,0x0000000100000000)
  to   space 27136K, 0% used [0x00000000fcb00000,0x00000000fcb00000,0x00000000fe580000)
 ParOldGen       total 79872K, used 46869K [0x00000000c0000000, 0x00000000c4e00000, 0x00000000eab00000)
  object space 79872K, 58% used [0x00000000c0000000,0x00000000c2dc5440,0x00000000c4e00000)
 Metaspace       used 66089K, capacity 68960K, committed 69120K, reserved 1107968K
  class space    used 8915K, capacity 9608K, committed 9728K, reserved 1048576K

Card table byte_map: [0x0000000011b00000,0x0000000011d10000] byte_map_base: 0x0000000011500000

Marking Bits: (ParMarkBitMap*) 0x000000006e4e9d00
 Begin Bits: [0x0000000012480000, 0x0000000013480000)
 End Bits:   [0x0000000013480000, 0x0000000014480000)

Polling page: 0x0000000000430000

CodeCache: size=245760Kb used=26895Kb max_used=27899Kb free=218864Kb
 bounds [0x0000000002740000, 0x00000000042c0000, 0x0000000011740000]
 total_blobs=8614 nmethods=7900 adapters=627
 compilation: enabled

Compilation events (10 events):
Event: 309.290 Thread 0x00000000567d3000 9550       3       com.google.common.collect.ArrayListMultimap::entries (5 bytes)
Event: 309.291 Thread 0x00000000567d3000 nmethod 9550 0x00000000033e6990 code [0x00000000033e6b60, 0x00000000033e7308]
Event: 309.291 Thread 0x00000000567d3000 9551       3       com.google.common.collect.AbstractMultimap$Entries::iterator (8 bytes)
Event: 309.291 Thread 0x00000000567d3000 nmethod 9551 0x0000000003f62450 code [0x0000000003f625c0, 0x0000000003f627e8]
Event: 309.291 Thread 0x00000000567d3000 9552       3       com.google.common.collect.AbstractMapBasedMultimap::entryIterator (9 bytes)
Event: 309.291 Thread 0x00000000567d3000 nmethod 9552 0x0000000002e40dd0 code [0x0000000002e40f40, 0x0000000002e411a8]
Event: 309.291 Thread 0x00000000567d3000 9553       3       com.google.common.collect.Iterators::emptyModifiableIterator (4 bytes)
Event: 309.291 Thread 0x00000000567d3000 nmethod 9553 0x000000000401b1d0 code [0x000000000401b320, 0x000000000401b450]
Event: 309.292 Thread 0x00000000567d3000 9554       1       groovy.lang.Closure::getOwner (5 bytes)
Event: 309.292 Thread 0x00000000567d3000 nmethod 9554 0x0000000004040510 code [0x0000000004040660, 0x0000000004040770]

GC Heap History (10 events):
Event: 38.596 GC heap before
{Heap before GC invocations=9 (full 2):
 PSYoungGen      total 193024K, used 180736K [0x00000000eab00000, 0x00000000f9f00000, 0x0000000100000000)
  eden space 180736K, 100% used [0x00000000eab00000,0x00000000f5b80000,0x00000000f5b80000)
  from space 12288K, 0% used [0x00000000f6800000,0x00000000f6800000,0x00000000f7400000)
  to   space 12800K, 0% used [0x00000000f5b80000,0x00000000f5b80000,0x00000000f6800000)
 ParOldGen       total 79872K, used 17178K [0x00000000c0000000, 0x00000000c4e00000, 0x00000000eab00000)
  object space 79872K, 21% used [0x00000000c0000000,0x00000000c10c6aa8,0x00000000c4e00000)
 Metaspace       used 43341K, capacity 44402K, committed 44544K, reserved 1087488K
  class space    used 5779K, capacity 6063K, committed 6144K, reserved 1048576K
Event: 38.625 GC heap after
Heap after GC invocations=9 (full 2):
 PSYoungGen      total 193536K, used 12796K [0x00000000eab00000, 0x00000000fe800000, 0x0000000100000000)
  eden space 180736K, 0% used [0x00000000eab00000,0x00000000eab00000,0x00000000f5b80000)
  from space 12800K, 99% used [0x00000000f5b80000,0x00000000f67ff0a8,0x00000000f6800000)
  to   space 15360K, 0% used [0x00000000fd900000,0x00000000fd900000,0x00000000fe800000)
 ParOldGen       total 79872K, used 18890K [0x00000000c0000000, 0x00000000c4e00000, 0x00000000eab00000)
  object space 79872K, 23% used [0x00000000c0000000,0x00000000c12728a8,0x00000000c4e00000)
 Metaspace       used 43341K, capacity 44402K, committed 44544K, reserved 1087488K
  class space    used 5779K, capacity 6063K, committed 6144K, reserved 1048576K
}
Event: 47.892 GC heap before
{Heap before GC invocations=10 (full 2):
 PSYoungGen      total 193536K, used 193532K [0x00000000eab00000, 0x00000000fe800000, 0x0000000100000000)
  eden space 180736K, 100% used [0x00000000eab00000,0x00000000f5b80000,0x00000000f5b80000)
  from space 12800K, 99% used [0x00000000f5b80000,0x00000000f67ff0a8,0x00000000f6800000)
  to   space 15360K, 0% used [0x00000000fd900000,0x00000000fd900000,0x00000000fe800000)
 ParOldGen       total 79872K, used 18890K [0x00000000c0000000, 0x00000000c4e00000, 0x00000000eab00000)
  object space 79872K, 23% used [0x00000000c0000000,0x00000000c12728a8,0x00000000c4e00000)
 Metaspace       used 49867K, capacity 51272K, committed 51328K, reserved 1093632K
  class space    used 6710K, capacity 7038K, committed 7040K, reserved 1048576K
Event: 48.185 GC heap after
Heap after GC invocations=10 (full 2):
 PSYoungGen      total 304128K, used 15359K [0x00000000eab00000, 0x00000000ffc00000, 0x0000000100000000)
  eden space 288768K, 0% used [0x00000000eab00000,0x00000000eab00000,0x00000000fc500000)
  from space 15360K, 99% used [0x00000000fd900000,0x00000000fe7ffff0,0x00000000fe800000)
  to   space 20480K, 0% used [0x00000000fc500000,0x00000000fc500000,0x00000000fd900000)
 ParOldGen       total 79872K, used 26495K [0x00000000c0000000, 0x00000000c4e00000, 0x00000000eab00000)
  object space 79872K, 33% used [0x00000000c0000000,0x00000000c19dfcc8,0x00000000c4e00000)
 Metaspace       used 49867K, capacity 51272K, committed 51328K, reserved 1093632K
  class space    used 6710K, capacity 7038K, committed 7040K, reserved 1048576K
}
Event: 51.758 GC heap before
{Heap before GC invocations=11 (full 2):
 PSYoungGen      total 304128K, used 128579K [0x00000000eab00000, 0x00000000ffc00000, 0x0000000100000000)
  eden space 288768K, 39% used [0x00000000eab00000,0x00000000f1990c80,0x00000000fc500000)
  from space 15360K, 99% used [0x00000000fd900000,0x00000000fe7ffff0,0x00000000fe800000)
  to   space 20480K, 0% used [0x00000000fc500000,0x00000000fc500000,0x00000000fd900000)
 ParOldGen       total 79872K, used 26495K [0x00000000c0000000, 0x00000000c4e00000, 0x00000000eab00000)
  object space 79872K, 33% used [0x00000000c0000000,0x00000000c19dfcc8,0x00000000c4e00000)
 Metaspace       used 52365K, capacity 54514K, committed 54656K, reserved 1095680K
  class space    used 7155K, capacity 7734K, committed 7808K, reserved 1048576K
Event: 51.861 GC heap after
Heap after GC invocations=11 (full 2):
 PSYoungGen      total 309248K, used 20448K [0x00000000eab00000, 0x0000000100000000, 0x0000000100000000)
  eden space 288768K, 0% used [0x00000000eab00000,0x00000000eab00000,0x00000000fc500000)
  from space 20480K, 99% used [0x00000000fc500000,0x00000000fd8f81e8,0x00000000fd900000)
  to   space 26112K, 0% used [0x00000000fe680000,0x00000000fe680000,0x0000000100000000)
 ParOldGen       total 79872K, used 32607K [0x00000000c0000000, 0x00000000c4e00000, 0x00000000eab00000)
  object space 79872K, 40% used [0x00000000c0000000,0x00000000c1fd7fc0,0x00000000c4e00000)
 Metaspace       used 52365K, capacity 54514K, committed 54656K, reserved 1095680K
  class space    used 7155K, capacity 7734K, committed 7808K, reserved 1048576K
}
Event: 51.862 GC heap before
{Heap before GC invocations=12 (full 3):
 PSYoungGen      total 309248K, used 20448K [0x00000000eab00000, 0x0000000100000000, 0x0000000100000000)
  eden space 288768K, 0% used [0x00000000eab00000,0x00000000eab00000,0x00000000fc500000)
  from space 20480K, 99% used [0x00000000fc500000,0x00000000fd8f81e8,0x00000000fd900000)
  to   space 26112K, 0% used [0x00000000fe680000,0x00000000fe680000,0x0000000100000000)
 ParOldGen       total 79872K, used 32607K [0x00000000c0000000, 0x00000000c4e00000, 0x00000000eab00000)
  object space 79872K, 40% used [0x00000000c0000000,0x00000000c1fd7fc0,0x00000000c4e00000)
 Metaspace       used 52365K, capacity 54514K, committed 54656K, reserved 1095680K
  class space    used 7155K, capacity 7734K, committed 7808K, reserved 1048576K
Event: 52.352 GC heap after
Heap after GC invocations=12 (full 3):
 PSYoungGen      total 309248K, used 0K [0x00000000eab00000, 0x0000000100000000, 0x0000000100000000)
  eden space 288768K, 0% used [0x00000000eab00000,0x00000000eab00000,0x00000000fc500000)
  from space 20480K, 0% used [0x00000000fc500000,0x00000000fc500000,0x00000000fd900000)
  to   space 26112K, 0% used [0x00000000fe680000,0x00000000fe680000,0x0000000100000000)
 ParOldGen       total 79872K, used 46861K [0x00000000c0000000, 0x00000000c4e00000, 0x00000000eab00000)
  object space 79872K, 58% used [0x00000000c0000000,0x00000000c2dc3440,0x00000000c4e00000)
 Metaspace       used 52365K, capacity 54514K, committed 54656K, reserved 1095680K
  class space    used 7155K, capacity 7734K, committed 7808K, reserved 1048576K
}
Event: 63.973 GC heap before
{Heap before GC invocations=13 (full 3):
 PSYoungGen      total 309248K, used 288768K [0x00000000eab00000, 0x0000000100000000, 0x0000000100000000)
  eden space 288768K, 100% used [0x00000000eab00000,0x00000000fc500000,0x00000000fc500000)
  from space 20480K, 0% used [0x00000000fc500000,0x00000000fc500000,0x00000000fd900000)
  to   space 26112K, 0% used [0x00000000fe680000,0x00000000fe680000,0x0000000100000000)
 ParOldGen       total 79872K, used 46861K [0x00000000c0000000, 0x00000000c4e00000, 0x00000000eab00000)
  object space 79872K, 58% used [0x00000000c0000000,0x00000000c2dc3440,0x00000000c4e00000)
 Metaspace       used 59436K, capacity 61880K, committed 62080K, reserved 1101824K
  class space    used 8095K, capacity 8734K, committed 8832K, reserved 1048576K
Event: 64.193 GC heap after
Heap after GC invocations=13 (full 3):
 PSYoungGen      total 321024K, used 18760K [0x00000000eab00000, 0x0000000100000000, 0x0000000100000000)
  eden space 294912K, 0% used [0x00000000eab00000,0x00000000eab00000,0x00000000fcb00000)
  from space 26112K, 71% used [0x00000000fe680000,0x00000000ff8d2068,0x0000000100000000)
  to   space 27136K, 0% used [0x00000000fcb00000,0x00000000fcb00000,0x00000000fe580000)
 ParOldGen       total 79872K, used 46869K [0x00000000c0000000, 0x00000000c4e00000, 0x00000000eab00000)
  object space 79872K, 58% used [0x00000000c0000000,0x00000000c2dc5440,0x00000000c4e00000)
 Metaspace       used 59436K, capacity 61880K, committed 62080K, reserved 1101824K
  class space    used 8095K, capacity 8734K, committed 8832K, reserved 1048576K
}

Deoptimization events (10 events):
Event: 93.404 Thread 0x0000000057ef6000 Uncommon trap: reason=class_check action=maybe_recompile pc=0x000000000327fc1c method=java.io.BufferedInputStream.read1([BII)I @ 39
Event: 93.664 Thread 0x0000000057ef6000 Uncommon trap: reason=array_check action=maybe_recompile pc=0x00000000033f00d4 method=java.util.TimSort.binarySort([Ljava/lang/Object;IIILjava/util/Comparator;)V @ 183
Event: 93.826 Thread 0x0000000057ed2800 Uncommon trap: reason=class_check action=maybe_recompile pc=0x0000000003e82444 method=java.lang.reflect.Array.newInstance(Ljava/lang/Class;I)Ljava/lang/Object; @ 2
Event: 93.826 Thread 0x0000000057ed2800 Uncommon trap: reason=class_check action=maybe_recompile pc=0x0000000003e82444 method=java.lang.reflect.Array.newInstance(Ljava/lang/Class;I)Ljava/lang/Object; @ 2
Event: 93.826 Thread 0x0000000057ed2800 Uncommon trap: reason=class_check action=maybe_recompile pc=0x0000000003e82444 method=java.lang.reflect.Array.newInstance(Ljava/lang/Class;I)Ljava/lang/Object; @ 2
Event: 93.827 Thread 0x0000000057ed2800 Uncommon trap: reason=class_check action=maybe_recompile pc=0x0000000003e82444 method=java.lang.reflect.Array.newInstance(Ljava/lang/Class;I)Ljava/lang/Object; @ 2
Event: 93.888 Thread 0x000000005a49f000 Uncommon trap: reason=unstable_if action=reinterpret pc=0x00000000040cda40 method=com.esotericsoftware.kryo.io.Input.require(I)I @ 117
Event: 121.666 Thread 0x0000000057ea3800 Uncommon trap: reason=speculate_class_check action=maybe_recompile pc=0x00000000034eb300 method=java.util.AbstractList.listIterator()Ljava/util/ListIterator; @ 2
Event: 181.671 Thread 0x0000000057ea3800 Uncommon trap: reason=speculate_class_check action=maybe_recompile pc=0x00000000034eb300 method=java.util.AbstractList.listIterator()Ljava/util/ListIterator; @ 2
Event: 241.670 Thread 0x0000000057ea3800 Uncommon trap: reason=speculate_class_check action=maybe_recompile pc=0x00000000034eb300 method=java.util.AbstractList.listIterator()Ljava/util/ListIterator; @ 2

Internal exceptions (10 events):
Event: 65.343 Thread 0x0000000057ef6000 Exception <a 'java/lang/ClassNotFoundException': com/android/build/gradle/internal/tasks/DeviceProviderInstrumentTestTask_DecoratedCustomizer> (0x00000000ece8ce20) thrown at [C:\src\android\AOSP-openjdk\external\jetbrains\jdk\hotspot\src\share\vm\classfile|B.¬nqP@
Event: 65.772 Thread 0x0000000057ef6000 Exception <a 'java/lang/NoSuchMethodError': <clinit>> (0x00000000ed477010) thrown at [C:\src\android\AOSP-openjdk\external\jetbrains\jdk\hotspot\src\share\vm\prims\jni.cpp, line 1591]
Event: 65.773 Thread 0x0000000057ef6000 Exception <a 'java/lang/NoSuchMethodError': <clinit>> (0x00000000ed483fc0) thrown at [C:\src\android\AOSP-openjdk\external\jetbrains\jdk\hotspot\src\share\vm\prims\jni.cpp, line 1591]
Event: 65.787 Thread 0x0000000057ef6000 Exception <a 'java/lang/NoSuchMethodError': <clinit>> (0x00000000ed6393d0) thrown at [C:\src\android\AOSP-openjdk\external\jetbrains\jdk\hotspot\src\share\vm\prims\jni.cpp, line 1591]
Event: 65.788 Thread 0x0000000057ef6000 Exception <a 'java/lang/NoSuchMethodError': <clinit>> (0x00000000ed651be0) thrown at [C:\src\android\AOSP-openjdk\external\jetbrains\jdk\hotspot\src\share\vm\prims\jni.cpp, line 1591]
Event: 65.788 Thread 0x0000000057ef6000 Exception <a 'java/lang/NoSuchMethodError': <clinit>> (0x00000000ed6530f8) thrown at [C:\src\android\AOSP-openjdk\external\jetbrains\jdk\hotspot\src\share\vm\prims\jni.cpp, line 1591]
Event: 72.838 Thread 0x0000000057ef6000 Implicit null exception at 0x0000000004264c17 to 0x0000000004264d53
Event: 72.848 Thread 0x0000000057ef6000 Implicit null exception at 0x0000000004130780 to 0x00000000041307b1
Event: 309.262 Thread 0x000000005a4a1000 Exception <a 'java/lang/ClassNotFoundException': asLocalRepo269_bbb50k685aasiqdrfhxqkanruBeanInfo> (0x00000000f71f1e50) thrown at [C:\src\android\AOSP-openjdk\external\jetbrains\jdk\hotspot\src\share\vm\classfile\systemDictionary.cpp, line 210]
Event: 309.262 Thread 0x000000005a4a1000 Exception <a 'java/lang/ClassNotFoundException': asLocalRepo269_bbb50k685aasiqdrfhxqkanruCustomizer> (0x00000000f71fb9e8) thrown at [C:\src\android\AOSP-openjdk\external\jetbrains\jdk\hotspot\src\share\vm\classfile\systemDictionary.cpp, line 210]

Events (10 events):
Event: 309.282 loading class asLocalRepo269_bbb50k685aasiqdrfhxqkanru$_run_closure1$_closure3$_closure6
Event: 309.282 loading class asLocalRepo269_bbb50k685aasiqdrfhxqkanru$_run_closure1$_closure3$_closure6 done
Event: 309.283 loading class groovy/runtime/metaclass/asLocalRepo269_bbb50k685aasiqdrfhxqkanru$_run_closure1$_closure3$_closure6MetaClass
Event: 309.283 loading class groovy/runtime/metaclass/asLocalRepo269_bbb50k685aasiqdrfhxqkanru$_run_closure1$_closure3$_closure6MetaClass done
Event: 309.287 Executing VM operation: RevokeBias
Event: 309.287 Executing VM operation: RevokeBias done
Event: 309.287 Executing VM operation: RevokeBias
Event: 309.287 Executing VM operation: RevokeBias done
Event: 309.287 Executing VM operation: RevokeBias
Event: 309.287 Executing VM operation: RevokeBias done


Dynamic libraries:
0x000000013fd30000 - 0x000000013fd61000 	C:\Program Files\Android\Android Studio\jre\bin\java.exe
0x0000000077600000 - 0x00000000777ab000 	C:\Windows\SYSTEM32\ntdll.dll
0x00000000773e0000 - 0x00000000774ff000 	C:\Windows\system32\kernel32.dll
0x000007fefd880000 - 0x000007fefd8eb000 	C:\Windows\system32\KERNELBASE.dll
0x000007fefd930000 - 0x000007fefda0b000 	C:\Windows\system32\ADVAPI32.dll
0x000007feff2e0000 - 0x000007feff37f000 	C:\Windows\system32\msvcrt.dll
0x000007fefef80000 - 0x000007fefef9f000 	C:\Windows\SYSTEM32\sechost.dll
0x000007fefda10000 - 0x000007fefdb3e000 	C:\Windows\system32\RPCRT4.dll
0x0000000077500000 - 0x00000000775fa000 	C:\Windows\system32\USER32.dll
0x000007fefea00000 - 0x000007fefea67000 	C:\Windows\system32\GDI32.dll
0x000007fefdb90000 - 0x000007fefdb9e000 	C:\Windows\system32\LPK.dll
0x000007feff690000 - 0x000007feff75a000 	C:\Windows\system32\USP10.dll
0x000007fefbdb0000 - 0x000007fefbfa4000 	C:\Windows\WinSxS\amd64_microsoft.windows.common-controls_6595b64144ccf1df_6.0.7600.16385_none_fa645303170382f6\COMCTL32.dll
0x000007feff770000 - 0x000007feff7e1000 	C:\Windows\system32\SHLWAPI.dll
0x000007fefe9d0000 - 0x000007fefe9fe000 	C:\Windows\system32\IMM32.DLL
0x000007fefee50000 - 0x000007fefef59000 	C:\Windows\system32\MSCTF.dll
0x000000006dc50000 - 0x000000006dd22000 	C:\Program Files\Android\Android Studio\jre\jre\bin\msvcr100.dll
0x000000006dd30000 - 0x000000006e564000 	C:\Program Files\Android\Android Studio\jre\jre\bin\server\jvm.dll
0x000007fef7f90000 - 0x000007fef7f99000 	C:\Windows\system32\WSOCK32.dll
0x000007feff290000 - 0x000007feff2dd000 	C:\Windows\system32\WS2_32.dll
0x000007feff760000 - 0x000007feff768000 	C:\Windows\system32\NSI.dll
0x000007fef97e0000 - 0x000007fef981b000 	C:\Windows\system32\WINMM.dll
0x000007fefc6d0000 - 0x000007fefc6dc000 	C:\Windows\system32\VERSION.dll
0x00000000777c0000 - 0x00000000777c7000 	C:\Windows\system32\PSAPI.DLL
0x000007fef7f80000 - 0x000007fef7f8f000 	C:\Program Files\Android\Android Studio\jre\jre\bin\verify.dll
0x000007fef40e0000 - 0x000007fef4109000 	C:\Program Files\Android\Android Studio\jre\jre\bin\java.dll
0x000007fef40c0000 - 0x000007fef40d6000 	C:\Program Files\Android\Android Studio\jre\jre\bin\zip.dll
0x000007fefdba0000 - 0x000007fefe926000 	C:\Windows\system32\SHELL32.dll
0x000007fefefa0000 - 0x000007feff1a1000 	C:\Windows\system32\ole32.dll
0x000007fefd560000 - 0x000007fefd56f000 	C:\Windows\system32\profapi.dll
0x000007fef40a0000 - 0x000007fef40ba000 	C:\Program Files\Android\Android Studio\jre\jre\bin\net.dll
0x000007fefcd90000 - 0x000007fefcde4000 	C:\Windows\system32\mswsock.dll
0x000007fefcd80000 - 0x000007fefcd87000 	C:\Windows\System32\wship6.dll
0x000007fef4080000 - 0x000007fef4091000 	C:\Program Files\Android\Android Studio\jre\jre\bin\nio.dll
0x000007fefba10000 - 0x000007fefba22000 	C:\Users\Risein\.gradle\native\19\windows-amd64\native-platform.dll
0x000007fefcdf0000 - 0x000007fefce07000 	C:\Windows\system32\CRYPTSP.dll
0x000007fefcaf0000 - 0x000007fefcb37000 	C:\Windows\system32\rsaenh.dll
0x000007fefc8b0000 - 0x000007fefc8ce000 	C:\Windows\system32\USERENV.dll
0x000007fefd450000 - 0x000007fefd45f000 	C:\Windows\system32\CRYPTBASE.dll
0x000007fefb3d0000 - 0x000007fefb3f7000 	C:\Windows\system32\IPHLPAPI.DLL
0x000007fefb3c0000 - 0x000007fefb3cb000 	C:\Windows\system32\WINNSI.DLL
0x000007fefb1b0000 - 0x000007fefb1c1000 	C:\Windows\system32\dhcpcsvc6.DLL
0x000007fefb190000 - 0x000007fefb1a8000 	C:\Windows\system32\dhcpcsvc.DLL
0x000007fef4880000 - 0x000007fef488d000 	C:\Program Files\Android\Android Studio\jre\jre\bin\management.dll
0x000007fefd3f0000 - 0x000007fefd447000 	C:\Windows\system32\apphelp.dll
0x000007fef7ba0000 - 0x000007fef7cc5000 	C:\Windows\system32\dbghelp.dll

VM Arguments:
jvm_args: -XX:MaxPermSize=256m -XX:+HeapDumpOnOutOfMemoryError -Xmx1024m -Dfile.encoding=windows-1252 -Duser.country=US -Duser.language=en -Duser.variant 
java_command: org.gradle.launcher.daemon.bootstrap.GradleDaemon 2.14.1
java_class_path (initial): C:\Users\Risein\.gradle\wrapper\dists\gradle-2.14.1-all\8bnwg5hd3w55iofp58khbp6yv\gradle-2.14.1\lib\gradle-launcher-2.14.1.jar
Launcher Type: SUN_STANDARD

Environment Variables:
PATH=C:\Windows\system32;C:\Windows;C:\Windows\System32\Wbem;C:\Windows\System32\WindowsPowerShell\v1.0\;C:\Program Files (x86)\Skype\Phone\
USERNAME=Risein
OS=Windows_NT
PROCESSOR_IDENTIFIER=Intel64 Family 6 Model 58 Stepping 9, GenuineIntel



---------------  S Y S T E M  ---------------

OS: Windows 7 , 64 bit Build 7600 (6.1.7600.16385)

CPU:total 4 (4 cores per cpu, 1 threads per core) family 6 model 58 stepping 9, cmov, cx8, fxsr, mmx, sse, sse2, sse3, ssse3, sse4.1, sse4.2, popcnt, aes, clmul, erms, tsc, tscinvbit, tscinv

Memory: 4k page, physical 8284892k(5341948k free), swap 16567888k(13645588k free)

vm_info: OpenJDK 64-Bit Server VM (25.76-b03) for windows-amd64 JRE (1.8.0_76-release-b03), built on Jun 29 2016 19:09:20 by "ralucas" with MS VC++ 10.0 (VS2010)

time: Fri Nov 25 13:00:15 2016
elapsed time: 309 seconds (0d 0h 5m 9s)

