#
# A fatal error has been detected by the Java Runtime Environment:
#
#  EXCEPTION_ACCESS_VIOLATION (0xc0000005) at pc=0x000000006be5f509, pid=2768, tid=0x0000000000000f2c
#
# JRE version: OpenJDK Runtime Environment (8.0_76-b03) (build 1.8.0_76-release-b03)
# Java VM: OpenJDK 64-Bit Server VM (25.76-b03 mixed mode windows-amd64 compressed oops)
# Problematic frame:
# V  [jvm.dll+0x48f509]
#
# Failed to write core dump. Minidumps are not enabled by default on client versions of Windows
#
# If you would like to submit a bug report, please visit:
#   http://bugreport.java.com/bugreport/crash.jsp
#

---------------  T H R E A D  ---------------

Current thread (0x0000000054fa4800):  JavaThread "C2 CompilerThread0" daemon [_thread_in_native, id=3884, stack(0x00000000567e0000,0x00000000568e0000)]

siginfo: ExceptionCode=0xc0000005, reading address 0x00000008578b7328

Registers:
RAX=0x0000000000000004, RBX=0x00000000568db8f8, RCX=0x000000005887aed0, RDX=0x0000000000000009
RSP=0x00000000568db810, RBP=0x00000008578b7308, RSI=0x000000000000000a, RDI=0x00000000580d0510
R8 =0x0000000057b9ae80, R9 =0x0000000000000012, R10=0x0000000000000004, R11=0x0000000000000017
R12=0x00000000568db8a8, R13=0x00000000568dbcd0, R14=0x00000000000001ff, R15=0x0000000000000160
RIP=0x000000006be5f509, EFLAGS=0x0000000000010207

Top of Stack: (sp=0x00000000568db810)
0x00000000568db810:   00000000568db8f8 0000000000000015
0x00000000568db820:   00000000568dbcd0 0000000058037b80
0x00000000568db830:   000000005807fae0 0000000054f37b10
0x00000000568db840:   00000000568dbcd0 000000006be58a2b
0x00000000568db850:   00000000568db950 0000000000000001
0x00000000568db860:   0000000058037b80 00000000568dbcd0
0x00000000568db870:   000000005807fb30 0000000058087ac8
0x00000000568db880:   00000000000a01d0 0000000054f37b10
0x00000000568db890:   0000000000000800 0000000058547750
0x00000000568db8a0:   0000000000000000 000000006bfff3f8
0x00000000568db8b0:   0000000054f37b10 0000000000000100
0x00000000568db8c0:   0000000057b9ae80 0000000000000001
0x00000000568db8d0:   000000005807fae0 0000000054f37b10
0x00000000568db8e0:   0000000000000004 00000000588024c0
0x00000000568db8f0:   0000000000000000 0000000057f35b50
0x00000000568db900:   0000000057f3e0d0 0000000057f35610 

Instructions: (pc=0x000000006be5f509)
0x000000006be5f4e9:   24 40 44 8b 58 20 48 8b f8 33 f6 41 3b f3 0f 83
0x000000006be5f4f9:   8d 00 00 00 48 8b 4f 10 8b d6 ff c6 48 8b 2c d1
0x000000006be5f509:   83 7d 20 00 74 e5 8b 4d 28 8b c1 c1 e8 05 41 3b
0x000000006be5f519:   44 24 10 72 0e 49 8b 04 24 8b d1 49 8b cc ff 50 


Register to memory mapping:

RAX=0x0000000000000004 is an unknown value
RBX=0x00000000568db8f8 is pointing into the stack for thread: 0x0000000054fa4800
RCX=0x000000005887aed0 is an unknown value
RDX=0x0000000000000009 is an unknown value
RSP=0x00000000568db810 is pointing into the stack for thread: 0x0000000054fa4800
RBP=0x00000008578b7308 is an unknown value
RSI=0x000000000000000a is an unknown value
RDI=0x00000000580d0510 is an unknown value
R8 =0x0000000057b9ae80 is an unknown value
R9 =0x0000000000000012 is an unknown value
R10=0x0000000000000004 is an unknown value
R11=0x0000000000000017 is an unknown value
R12=0x00000000568db8a8 is pointing into the stack for thread: 0x0000000054fa4800
R13=0x00000000568dbcd0 is pointing into the stack for thread: 0x0000000054fa4800
R14=0x00000000000001ff is an unknown value
R15=0x0000000000000160 is an unknown value


Stack: [0x00000000567e0000,0x00000000568e0000],  sp=0x00000000568db810,  free space=1006k
Native frames: (J=compiled Java code, j=interpreted, Vv=VM code, C=native code)
V  [jvm.dll+0x48f509]
V  [jvm.dll+0x488a2b]
V  [jvm.dll+0x43a6f6]
V  [jvm.dll+0x43ba43]
V  [jvm.dll+0x41f212]
V  [jvm.dll+0x806e9]
V  [jvm.dll+0x8101f]
V  [jvm.dll+0x21bc14]
V  [jvm.dll+0x26b60a]
C  [msvcr100.dll+0x21d9f]
C  [msvcr100.dll+0x21e3b]
C  [kernel32.dll+0x1f56d]
C  [ntdll.dll+0x33281]


Current CompileTask:
C2:   2482 1563       4       com.android.dx.ssa.SCCP::simulatePhi (169 bytes)


---------------  P R O C E S S  ---------------

Java Threads: ( => current thread )
  0x0000000056e09000 JavaThread "pool-1-thread-4" [_thread_blocked, id=3456, stack(0x00000000577a0000,0x00000000578a0000)]
  0x0000000056e08000 JavaThread "pool-1-thread-3" [_thread_blocked, id=3144, stack(0x0000000057650000,0x0000000057750000)]
  0x0000000056e33800 JavaThread "pool-1-thread-2" [_thread_blocked, id=4160, stack(0x0000000057510000,0x0000000057610000)]
  0x0000000056e32800 JavaThread "pool-2-thread-1" [_thread_blocked, id=2196, stack(0x00000000573a0000,0x00000000574a0000)]
  0x0000000056e32000 JavaThread "pool-1-thread-1" [_thread_blocked, id=4924, stack(0x0000000057140000,0x0000000057240000)]
  0x0000000056b70800 JavaThread "Service Thread" daemon [_thread_blocked, id=4424, stack(0x0000000056900000,0x0000000056a00000)]
  0x0000000054fab000 JavaThread "C1 CompilerThread2" daemon [_thread_blocked, id=4624, stack(0x0000000056a10000,0x0000000056b10000)]
  0x0000000054faa000 JavaThread "C2 CompilerThread1" daemon [_thread_in_native, id=4452, stack(0x00000000563c0000,0x00000000564c0000)]
=>0x0000000054fa4800 JavaThread "C2 CompilerThread0" daemon [_thread_in_native, id=3884, stack(0x00000000567e0000,0x00000000568e0000)]
  0x0000000054fa1800 JavaThread "Attach Listener" daemon [_thread_blocked, id=2764, stack(0x00000000566b0000,0x00000000567b0000)]
  0x0000000054f9f800 JavaThread "Signal Dispatcher" daemon [_thread_blocked, id=1436, stack(0x00000000564c0000,0x00000000565c0000)]
  0x0000000054f86800 JavaThread "Finalizer" daemon [_thread_blocked, id=1144, stack(0x0000000056210000,0x0000000056310000)]
  0x0000000054f3f800 JavaThread "Reference Handler" daemon [_thread_blocked, id=1276, stack(0x0000000055ee0000,0x0000000055fe0000)]
  0x000000000215d800 JavaThread "main" [_thread_blocked, id=1548, stack(0x0000000002360000,0x0000000002460000)]

Other Threads:
  0x0000000054f38000 VMThread [stack: 0x0000000056000000,0x0000000056100000] [id=2432]
  0x0000000056b71800 WatcherThread [stack: 0x0000000056fa0000,0x00000000570a0000] [id=912]

VM state:at safepoint (normal execution)

VM Mutex/Monitor currently owned by a thread:  ([mutex/lock_event])
[0x000000000215be00] Threads_lock - owner thread: 0x0000000054f38000
[0x000000000215c300] Heap_lock - owner thread: 0x0000000056e33800

Heap:
 PSYoungGen      total 38400K, used 38388K [0x00000000eab00000, 0x00000000ef600000, 0x0000000100000000)
  eden space 33280K, 100% used [0x00000000eab00000,0x00000000ecb80000,0x00000000ecb80000)
  from space 5120K, 99% used [0x00000000ecb80000,0x00000000ed07d280,0x00000000ed080000)
  to   space 5120K, 99% used [0x00000000ef100000,0x00000000ef5ff3e0,0x00000000ef600000)
 ParOldGen       total 87552K, used 4433K [0x00000000c0000000, 0x00000000c5580000, 0x00000000eab00000)
  object space 87552K, 5% used [0x00000000c0000000,0x00000000c0454478,0x00000000c5580000)
 Metaspace       used 5954K, capacity 7024K, committed 7296K, reserved 1056768K
  class space    used 565K, capacity 616K, committed 640K, reserved 1048576K

Card table byte_map: [0x0000000011af0000,0x0000000011d00000] byte_map_base: 0x00000000114f0000

Marking Bits: (ParMarkBitMap*) 0x000000006c189d00
 Begin Bits: [0x00000000123b0000, 0x00000000133b0000)
 End Bits:   [0x00000000133b0000, 0x00000000143b0000)

Polling page: 0x0000000000330000

CodeCache: size=245760Kb used=6564Kb max_used=6582Kb free=239195Kb
 bounds [0x0000000002730000, 0x0000000002db0000, 0x0000000011730000]
 total_blobs=1821 nmethods=1560 adapters=176
 compilation: enabled

Compilation events (10 events):
Event: 2.343 Thread 0x0000000054fab000 1564       3       com.android.dx.dex.code.RopTranslator::access$600 (6 bytes)
Event: 2.343 Thread 0x0000000054fab000 nmethod 1564 0x0000000002d92e10 code [0x0000000002d92f80, 0x0000000002d930e8]
Event: 2.346 Thread 0x0000000054fab000 1566       3       com.android.dx.dex.file.AnnotationSetItem::<init> (83 bytes)
Event: 2.347 Thread 0x0000000054fab000 nmethod 1566 0x0000000002d93190 code [0x0000000002d93440, 0x0000000002d94848]
Event: 2.348 Thread 0x0000000054fab000 1567       3       java.lang.String::<init> (82 bytes)
Event: 2.348 Thread 0x0000000054fab000 nmethod 1567 0x0000000002d95450 code [0x0000000002d95620, 0x0000000002d95b18]
Event: 2.374 Thread 0x0000000054fa4800 nmethod 1533 0x0000000002d9a9d0 code [0x0000000002d9ac40, 0x0000000002d9cbe8]
Event: 2.375 Thread 0x0000000054fa4800 1562       4       com.android.dx.ssa.NormalSsaInsn::accept (25 bytes)
Event: 2.407 Thread 0x0000000054fa4800 nmethod 1562 0x0000000002d9efd0 code [0x0000000002d9f300, 0x0000000002da0db8]
Event: 2.407 Thread 0x0000000054fa4800 1563       4       com.android.dx.ssa.SCCP::simulatePhi (169 bytes)

GC Heap History (3 events):
Event: 1.162 GC heap before
{Heap before GC invocations=1 (full 0):
 PSYoungGen      total 38400K, used 33280K [0x00000000eab00000, 0x00000000ed580000, 0x0000000100000000)
  eden space 33280K, 100% used [0x00000000eab00000,0x00000000ecb80000,0x00000000ecb80000)
  from space 5120K, 0% used [0x00000000ed080000,0x00000000ed080000,0x00000000ed580000)
  to   space 5120K, 0% used [0x00000000ecb80000,0x00000000ecb80000,0x00000000ed080000)
 ParOldGen       total 87552K, used 0K [0x00000000c0000000, 0x00000000c5580000, 0x00000000eab00000)
  object space 87552K, 0% used [0x00000000c0000000,0x00000000c0000000,0x00000000c5580000)
 Metaspace       used 5728K, capacity 6832K, committed 7040K, reserved 1056768K
  class space    used 564K, capacity 616K, committed 640K, reserved 1048576K
Event: 1.384 GC heap after
Heap after GC invocations=1 (full 0):
 PSYoungGen      total 38400K, used 5108K [0x00000000eab00000, 0x00000000ef600000, 0x0000000100000000)
  eden space 33280K, 0% used [0x00000000eab00000,0x00000000eab00000,0x00000000ecb80000)
  from space 5120K, 99% used [0x00000000ecb80000,0x00000000ed07d280,0x00000000ed080000)
  to   space 5120K, 0% used [0x00000000ef100000,0x00000000ef100000,0x00000000ef600000)
 ParOldGen       total 87552K, used 734K [0x00000000c0000000, 0x00000000c5580000, 0x00000000eab00000)
  object space 87552K, 0% used [0x00000000c0000000,0x00000000c00b7918,0x00000000c5580000)
 Metaspace       used 5728K, capacity 6832K, committed 7040K, reserved 1056768K
  class space    used 564K, capacity 616K, committed 640K, reserved 1048576K
}
Event: 2.447 GC heap before
{Heap before GC invocations=2 (full 0):
 PSYoungGen      total 38400K, used 38388K [0x00000000eab00000, 0x00000000ef600000, 0x0000000100000000)
  eden space 33280K, 100% used [0x00000000eab00000,0x00000000ecb80000,0x00000000ecb80000)
  from space 5120K, 99% used [0x00000000ecb80000,0x00000000ed07d280,0x00000000ed080000)
  to   space 5120K, 0% used [0x00000000ef100000,0x00000000ef100000,0x00000000ef600000)
 ParOldGen       total 87552K, used 734K [0x00000000c0000000, 0x00000000c5580000, 0x00000000eab00000)
  object space 87552K, 0% used [0x00000000c0000000,0x00000000c00b7918,0x00000000c5580000)
 Metaspace       used 5954K, capacity 7024K, committed 7296K, reserved 1056768K
  class space    used 565K, capacity 616K, committed 640K, reserved 1048576K

Deoptimization events (10 events):
Event: 1.910 Thread 0x0000000056e08000 Uncommon trap: reason=unstable_if action=reinterpret pc=0x0000000002ab0684 method=com.android.dx.rop.cst.Constant.compareTo(Lcom/android/dx/rop/cst/Constant;)I @ 12
Event: 1.924 Thread 0x0000000056e08000 Uncommon trap: reason=unstable_if action=reinterpret pc=0x0000000002c74924 method=com.android.dx.rop.code.RegisterSpecSet.localItemToSpec(Lcom/android/dx/rop/code/LocalItem;)Lcom/android/dx/rop/code/RegisterSpec; @ 35
Event: 1.926 Thread 0x0000000056e08000 Uncommon trap: reason=bimorphic action=maybe_recompile pc=0x000000000292b660 method=java.util.HashMap.getNode(ILjava/lang/Object;)Ljava/util/HashMap$Node; @ 126
Event: 1.926 Thread 0x0000000056e08000 Uncommon trap: reason=bimorphic action=maybe_recompile pc=0x000000000292b660 method=java.util.HashMap.getNode(ILjava/lang/Object;)Ljava/util/HashMap$Node; @ 126
Event: 2.197 Thread 0x0000000056e33800 Uncommon trap: reason=null_check action=make_not_entrant pc=0x0000000002a14038 method=com.android.dx.ssa.SsaRenamer.getLocalForNewReg(I)Lcom/android/dx/rop/code/LocalItem; @ 19
Event: 2.327 Thread 0x000000000215d800 Uncommon trap: reason=unstable_if action=reinterpret pc=0x000000000292cbbc method=java.lang.String.<init>([CII)V @ 18
Event: 2.337 Thread 0x0000000056e33800 Uncommon trap: reason=class_check action=maybe_recompile pc=0x0000000002d4c218 method=com.android.dx.cf.code.RopperMachine.run(Lcom/android/dx/cf/code/Frame;II)V @ 988
Event: 2.337 Thread 0x0000000056e33800 Uncommon trap: reason=unstable_if action=reinterpret pc=0x0000000002d5cbe4 method=com.android.dx.ssa.SCCP.simulateBranch(Lcom/android/dx/ssa/SsaInsn;)V @ 64
Event: 2.340 Thread 0x0000000056e33800 Uncommon trap: reason=null_check action=make_not_entrant pc=0x0000000002a0986c method=com.android.dx.ssa.SsaRenamer.getLocalForNewReg(I)Lcom/android/dx/rop/code/LocalItem; @ 19
Event: 2.348 Thread 0x000000000215d800 Uncommon trap: reason=unstable_if action=reinterpret pc=0x0000000002af0e10 method=java.lang.String.<init>([CII)V @ 18

Internal exceptions (4 events):
Event: 0.045 Thread 0x000000000215d800 Exception <a 'java/lang/NoSuchMethodError': Method sun.misc.Unsafe.defineClass(Ljava/lang/String;[BII)Ljava/lang/Class; name or signature does not match> (0x00000000eab07cc0) thrown at [C:\src\android\AOSP-openjdk\external\jetbrains\jdk\hotspot\src\share\v-ùKJÓ¦?
Event: 0.045 Thread 0x000000000215d800 Exception <a 'java/lang/NoSuchMethodError': Method sun.misc.Unsafe.prefetchRead(Ljava/lang/Object;J)V name or signature does not match> (0x00000000eab07fa8) thrown at [C:\src\android\AOSP-openjdk\external\jetbrains\jdk\hotspot\src\share\vm\prims\jni.cpp, lEG<Ý“@
Event: 2.197 Thread 0x0000000056e33800 Implicit null exception at 0x0000000002a12927 to 0x0000000002a13ff1
Event: 2.340 Thread 0x0000000056e33800 Implicit null exception at 0x0000000002a0741a to 0x0000000002a09845

Events (10 events):
Event: 2.337 Thread 0x0000000056e33800 Uncommon trap: trap_request=0xffffff65 fr.pc=0x0000000002d5cbe4
Event: 2.337 Thread 0x0000000056e33800 DEOPT PACKING pc=0x0000000002d5cbe4 sp=0x000000005760ed50
Event: 2.337 Thread 0x0000000056e33800 DEOPT UNPACKING pc=0x000000000277556a sp=0x000000005760ed20 mode 2
Event: 2.340 Thread 0x0000000056e33800 Uncommon trap: trap_request=0xfffffff4 fr.pc=0x0000000002a0986c
Event: 2.340 Thread 0x0000000056e33800 DEOPT PACKING pc=0x0000000002a0986c sp=0x000000005760ed00
Event: 2.340 Thread 0x0000000056e33800 DEOPT UNPACKING pc=0x000000000277556a sp=0x000000005760ebb8 mode 2
Event: 2.348 Thread 0x000000000215d800 Uncommon trap: trap_request=0xffffff65 fr.pc=0x0000000002af0e10
Event: 2.348 Thread 0x000000000215d800 DEOPT PACKING pc=0x0000000002af0e10 sp=0x000000000245e480
Event: 2.348 Thread 0x000000000215d800 DEOPT UNPACKING pc=0x000000000277556a sp=0x000000000245e448 mode 2
Event: 2.447 Executing VM operation: ParallelGCFailedAllocation


Dynamic libraries:
0x000000013f050000 - 0x000000013f081000 	C:\Program Files\Android\Android Studio\jre\bin\java.exe
0x0000000076dc0000 - 0x0000000076f6b000 	C:\Windows\SYSTEM32\ntdll.dll
0x0000000076ba0000 - 0x0000000076cbf000 	C:\Windows\system32\kernel32.dll
0x000007fefcfe0000 - 0x000007fefd04b000 	C:\Windows\system32\KERNELBASE.dll
0x000007fefd0f0000 - 0x000007fefd1cb000 	C:\Windows\system32\ADVAPI32.dll
0x000007fefd590000 - 0x000007fefd62f000 	C:\Windows\system32\msvcrt.dll
0x000007fefd480000 - 0x000007fefd49f000 	C:\Windows\SYSTEM32\sechost.dll
0x000007fefdcf0000 - 0x000007fefde1e000 	C:\Windows\system32\RPCRT4.dll
0x0000000076cc0000 - 0x0000000076dba000 	C:\Windows\system32\USER32.dll
0x000007fefd4a0000 - 0x000007fefd507000 	C:\Windows\system32\GDI32.dll
0x000007fefeeb0000 - 0x000007fefeebe000 	C:\Windows\system32\LPK.dll
0x000007fefdfd0000 - 0x000007fefe09a000 	C:\Windows\system32\USP10.dll
0x000007fefb3a0000 - 0x000007fefb594000 	C:\Windows\WinSxS\amd64_microsoft.windows.common-controls_6595b64144ccf1df_6.0.7600.16385_none_fa645303170382f6\COMCTL32.dll
0x000007fefd1d0000 - 0x000007fefd241000 	C:\Windows\system32\SHLWAPI.dll
0x000007fefe0a0000 - 0x000007fefe0ce000 	C:\Windows\system32\IMM32.DLL
0x000007fefde20000 - 0x000007fefdf29000 	C:\Windows\system32\MSCTF.dll
0x000000006ce20000 - 0x000000006cef2000 	C:\Program Files\Android\Android Studio\jre\jre\bin\msvcr100.dll
0x000000006b9d0000 - 0x000000006c204000 	C:\Program Files\Android\Android Studio\jre\jre\bin\server\jvm.dll
0x000007fefac60000 - 0x000007fefac69000 	C:\Windows\system32\WSOCK32.dll
0x000007fefd250000 - 0x000007fefd29d000 	C:\Windows\system32\WS2_32.dll
0x000007fefd6d0000 - 0x000007fefd6d8000 	C:\Windows\system32\NSI.dll
0x000007fef9c60000 - 0x000007fef9c9b000 	C:\Windows\system32\WINMM.dll
0x000007fefbe90000 - 0x000007fefbe9c000 	C:\Windows\system32\VERSION.dll
0x0000000076f80000 - 0x0000000076f87000 	C:\Windows\system32\PSAPI.DLL
0x000007fefac70000 - 0x000007fefac7f000 	C:\Program Files\Android\Android Studio\jre\jre\bin\verify.dll
0x000007fefabe0000 - 0x000007fefac09000 	C:\Program Files\Android\Android Studio\jre\jre\bin\java.dll
0x000007fefac40000 - 0x000007fefac56000 	C:\Program Files\Android\Android Studio\jre\jre\bin\zip.dll
0x000007fefe0d0000 - 0x000007fefee56000 	C:\Windows\system32\SHELL32.dll
0x000007fefdae0000 - 0x000007fefdce1000 	C:\Windows\system32\ole32.dll
0x000007fefcd20000 - 0x000007fefcd2f000 	C:\Windows\system32\profapi.dll
0x000007fef7960000 - 0x000007fef7a85000 	C:\Windows\system32\dbghelp.dll

VM Arguments:
jvm_args: -Djava.awt.headless=true -Xmx1024M -Dfile.encoding=windows-1252 -Duser.country=US -Duser.language=en -Duser.variant 
java_command: com.android.dx.command.Main --dex --num-threads=4 --output D:\Spulla update\Spulla\app\build\intermediates\pre-dexed\debug\com.android.support-appcompat-v7-25.0.0_1a62a21c898827279cc91e57a3565762baf73b96.jar D:\Spulla update\Spulla\app\build\intermediates\exploded-aar\com.android.support\appcompat-v7\25.0.0\jars\classes.jar
java_class_path (initial): E:\Android\sdk\build-tools\24.0.1\lib\dx.jar
Launcher Type: SUN_STANDARD

Environment Variables:
PATH=C:\Windows\system32;C:\Windows;C:\Windows\System32\Wbem;C:\Windows\System32\WindowsPowerShell\v1.0\;C:\Program Files (x86)\Skype\Phone\
USERNAME=Risein
OS=Windows_NT
PROCESSOR_IDENTIFIER=Intel64 Family 6 Model 58 Stepping 9, GenuineIntel



---------------  S Y S T E M  ---------------

OS: Windows 7 , 64 bit Build 7600 (6.1.7600.16385)

CPU:total 4 (4 cores per cpu, 1 threads per core) family 6 model 58 stepping 9, cmov, cx8, fxsr, mmx, sse, sse2, sse3, ssse3, sse4.1, sse4.2, popcnt, aes, clmul, erms, tsc, tscinvbit, tscinv

Memory: 4k page, physical 8284892k(2272056k free), swap 16567888k(9640080k free)

vm_info: OpenJDK 64-Bit Server VM (25.76-b03) for windows-amd64 JRE (1.8.0_76-release-b03), built on Jun 29 2016 19:09:20 by "ralucas" with MS VC++ 10.0 (VS2010)

time: Fri Nov 25 17:22:57 2016
elapsed time: 2 seconds (0d 0h 0m 2s)

