#
# A fatal error has been detected by the Java Runtime Environment:
#
#  EXCEPTION_ACCESS_VIOLATION (0xc0000005) at pc=0x000000006defa94c, pid=1060, tid=0x000000000000107c
#
# JRE version: OpenJDK Runtime Environment (8.0_76-b03) (build 1.8.0_76-release-b03)
# Java VM: OpenJDK 64-Bit Server VM (25.76-b03 mixed mode windows-amd64 compressed oops)
# Problematic frame:
# V  [jvm.dll+0x4ba94c]
#
# Failed to write core dump. Minidumps are not enabled by default on client versions of Windows
#
# If you would like to submit a bug report, please visit:
#   http://bugreport.java.com/bugreport/crash.jsp
#

---------------  T H R E A D  ---------------

Current thread (0x0000000056ada800):  JavaThread "C2 CompilerThread1" daemon [_thread_in_native, id=4220, stack(0x0000000056fa0000,0x00000000570a0000)]

siginfo: ExceptionCode=0xc0000005, reading address 0x0000000800000010

Registers:
RAX=0x0000000800000000, RBX=0x0000000000000000, RCX=0x0000000800000000, RDX=0x0000000000000000
RSP=0x000000005709c080, RBP=0x000000005709e9a0, RSI=0x0000000000000000, RDI=0x0000000000000002
R8 =0x0000000057b90f98, R9 =0x0000000057b90f40, R10=0x0000000000000000, R11=0x0000000058b4b000
R12=0x0000000000000000, R13=0x0000000057dce088, R14=0x00000000584dd710, R15=0x00000000584dd6d0
RIP=0x000000006defa94c, EFLAGS=0x0000000000010206

Top of Stack: (sp=0x000000005709c080)
0x000000005709c080:   00000000584dd6d0 0000000000000004
0x000000005709c090:   0000000057dce088 000000005709c5e0
0x000000005709c0a0:   000000005709c5e0 000000006df13704
0x000000005709c0b0:   0000000000000002 0000000000000001
0x000000005709c0c0:   0000000000000c0c 0000000057b90f40
0x000000005709c0d0:   00000000584dd710 00000000584dd6d0
0x000000005709c0e0:   000000005709c5e0 000000005709c200
0x000000005709c0f0:   0000000000000000 000000006df15675
0x000000005709c100:   0000000057b90f40 0000000000000001
0x000000005709c110:   0000000057b90f40 00000000588eacd0
0x000000005709c120:   00000000584dd710 00000000584dd6d0
0x000000005709c130:   0000000000000001 00000000ffffffff
0x000000005709c140:   00000000588eacd0 0000004000000014
0x000000005709c150:   0000000000000000 0000000000000007
0x000000005709c160:   0000000057cedde0 0000000000000010
0x000000005709c170:   0000000057fe7090 00000001000001c1 

Instructions: (pc=0x000000006defa94c)
0x000000006defa92c:   00 00 00 00 4d 8b 41 08 4b 8b 04 02 48 85 c0 74
0x000000006defa93c:   3c 48 3b c6 75 02 ff c3 48 8b c8 48 85 c0 74 29
0x000000006defa94c:   4c 8b 58 10 4d 85 db 74 20 8b 40 20 49 8d 14 c3
0x000000006defa95c:   0f 1f 40 00 48 83 ea 08 4c 39 0a 75 f7 ff c8 89 


Register to memory mapping:

RAX=0x0000000800000000 is an unknown value
RBX=0x0000000000000000 is an unknown value
RCX=0x0000000800000000 is an unknown value
RDX=0x0000000000000000 is an unknown value
RSP=0x000000005709c080 is pointing into the stack for thread: 0x0000000056ada800
RBP=0x000000005709e9a0 is pointing into the stack for thread: 0x0000000056ada800
RSI=0x0000000000000000 is an unknown value
RDI=0x0000000000000002 is an unknown value
R8 =0x0000000057b90f98 is an unknown value
R9 =0x0000000057b90f40 is an unknown value
R10=0x0000000000000000 is an unknown value
R11=0x0000000058b4b000 is an unknown value
R12=0x0000000000000000 is an unknown value
R13=0x0000000057dce088 is an unknown value
R14=0x00000000584dd710 is an unknown value
R15=0x00000000584dd6d0 is an unknown value


Stack: [0x0000000056fa0000,0x00000000570a0000],  sp=0x000000005709c080,  free space=1008k
Native frames: (J=compiled Java code, j=interpreted, Vv=VM code, C=native code)
V  [jvm.dll+0x4ba94c]
V  [jvm.dll+0x4d3704]
V  [jvm.dll+0x4d5675]
V  [jvm.dll+0x42ed33]
V  [jvm.dll+0x43931b]
V  [jvm.dll+0x43badf]
V  [jvm.dll+0x41f212]
V  [jvm.dll+0x806e9]
V  [jvm.dll+0x8101f]
V  [jvm.dll+0x21bc14]
V  [jvm.dll+0x26b60a]
C  [msvcr100.dll+0x21d9f]
C  [msvcr100.dll+0x21e3b]
C  [kernel32.dll+0x1f56d]
C  [ntdll.dll+0x33281]


Current CompileTask:
C2:   1459 1130       4       com.android.dx.ssa.SCCP::simulateStmt (481 bytes)


---------------  P R O C E S S  ---------------

Java Threads: ( => current thread )
  0x0000000056df5800 JavaThread "pool-1-thread-4" [_thread_blocked, id=3272, stack(0x0000000057630000,0x0000000057730000)]
  0x0000000056dea800 JavaThread "pool-1-thread-3" [_thread_blocked, id=3228, stack(0x0000000056e80000,0x0000000056f80000)]
  0x0000000056cf2000 JavaThread "pool-1-thread-2" [_thread_blocked, id=5064, stack(0x0000000057730000,0x0000000057830000)]
  0x0000000056cec800 JavaThread "pool-2-thread-1" [_thread_blocked, id=3728, stack(0x0000000056500000,0x0000000056600000)]
  0x0000000056d04000 JavaThread "pool-1-thread-1" [_thread_blocked, id=3668, stack(0x0000000056730000,0x0000000056830000)]
  0x0000000056adc800 JavaThread "Service Thread" daemon [_thread_blocked, id=3680, stack(0x0000000057350000,0x0000000057450000)]
  0x0000000056adb800 JavaThread "C1 CompilerThread2" daemon [_thread_blocked, id=4772, stack(0x0000000057190000,0x0000000057290000)]
=>0x0000000056ada800 JavaThread "C2 CompilerThread1" daemon [_thread_in_native, id=4220, stack(0x0000000056fa0000,0x00000000570a0000)]
  0x0000000055318800 JavaThread "C2 CompilerThread0" daemon [_thread_blocked, id=3104, stack(0x0000000056980000,0x0000000056a80000)]
  0x0000000055315800 JavaThread "Attach Listener" daemon [_thread_blocked, id=3916, stack(0x0000000056830000,0x0000000056930000)]
  0x0000000055313800 JavaThread "Signal Dispatcher" daemon [_thread_blocked, id=3848, stack(0x0000000056620000,0x0000000056720000)]
  0x00000000552f1000 JavaThread "Finalizer" daemon [_thread_blocked, id=3616, stack(0x00000000563d0000,0x00000000564d0000)]
  0x00000000552af800 JavaThread "Reference Handler" daemon [_thread_blocked, id=4660, stack(0x00000000562a0000,0x00000000563a0000)]
  0x000000000224d800 JavaThread "main" [_thread_blocked, id=4708, stack(0x0000000002460000,0x0000000002560000)]

Other Threads:
  0x00000000552a8000 VMThread [stack: 0x00000000560f0000,0x00000000561f0000] [id=4844]
  0x0000000056ade000 WatcherThread [stack: 0x0000000057510000,0x0000000057610000] [id=1664]

VM state:not at safepoint (normal execution)

VM Mutex/Monitor currently owned by a thread: None

Heap:
 PSYoungGen      total 38400K, used 6225K [0x00000000eab00000, 0x00000000ef600000, 0x0000000100000000)
  eden space 33280K, 3% used [0x00000000eab00000,0x00000000eac16890,0x00000000ecb80000)
  from space 5120K, 99% used [0x00000000ecb80000,0x00000000ed07dc78,0x00000000ed080000)
  to   space 5120K, 0% used [0x00000000ef100000,0x00000000ef100000,0x00000000ef600000)
 ParOldGen       total 87552K, used 1391K [0x00000000c0000000, 0x00000000c5580000, 0x00000000eab00000)
  object space 87552K, 1% used [0x00000000c0000000,0x00000000c015be90,0x00000000c5580000)
 Metaspace       used 5916K, capacity 6896K, committed 7040K, reserved 1056768K
  class space    used 573K, capacity 616K, committed 640K, reserved 1048576K

Card table byte_map: [0x0000000011bf0000,0x0000000011e00000] byte_map_base: 0x00000000115f0000

Marking Bits: (ParMarkBitMap*) 0x000000006e1f9d00
 Begin Bits: [0x0000000012720000, 0x0000000013720000)
 End Bits:   [0x0000000013720000, 0x0000000014720000)

Polling page: 0x0000000000240000

CodeCache: size=245760Kb used=4613Kb max_used=4648Kb free=241146Kb
 bounds [0x0000000002830000, 0x0000000002cc0000, 0x0000000011830000]
 total_blobs=1421 nmethods=1155 adapters=181
 compilation: enabled

Compilation events (10 events):
Event: 1.267 Thread 0x0000000056adb800 nmethod 1152 0x0000000002ca1f90 code [0x0000000002ca2140, 0x0000000002ca2998]
Event: 1.267 Thread 0x0000000056adb800 1153       3       java.lang.ref.Finalizer::hasBeenFinalized (14 bytes)
Event: 1.267 Thread 0x0000000056adb800 nmethod 1153 0x0000000002ca2c50 code [0x0000000002ca2da0, 0x0000000002ca2f50]
Event: 1.267 Thread 0x0000000056adb800 1154   !   3       java.lang.ref.Finalizer::remove (94 bytes)
Event: 1.267 Thread 0x0000000056adb800 nmethod 1154 0x0000000002ca2fd0 code [0x0000000002ca3140, 0x0000000002ca3610]
Event: 1.267 Thread 0x0000000056adb800 1155       3       java.lang.System$2::invokeFinalize (5 bytes)
Event: 1.267 Thread 0x0000000056adb800 nmethod 1155 0x0000000002ca3750 code [0x0000000002ca38c0, 0x0000000002ca3ae8]
Event: 1.267 Thread 0x0000000056adb800 1156       3       java.lang.ref.Reference::clear (6 bytes)
Event: 1.267 Thread 0x0000000056adb800 nmethod 1156 0x0000000002ca3b90 code [0x0000000002ca3ce0, 0x0000000002ca3e50]
Event: 1.449 Thread 0x0000000055318800 nmethod 1140 0x0000000002cacc50 code [0x0000000002cae3e0, 0x0000000002cb51d0]

GC Heap History (2 events):
Event: 1.178 GC heap before
{Heap before GC invocations=1 (full 0):
 PSYoungGen      total 38400K, used 33280K [0x00000000eab00000, 0x00000000ed580000, 0x0000000100000000)
  eden space 33280K, 100% used [0x00000000eab00000,0x00000000ecb80000,0x00000000ecb80000)
  from space 5120K, 0% used [0x00000000ed080000,0x00000000ed080000,0x00000000ed580000)
  to   space 5120K, 0% used [0x00000000ecb80000,0x00000000ecb80000,0x00000000ed080000)
 ParOldGen       total 87552K, used 0K [0x00000000c0000000, 0x00000000c5580000, 0x00000000eab00000)
  object space 87552K, 0% used [0x00000000c0000000,0x00000000c0000000,0x00000000c5580000)
 Metaspace       used 5903K, capacity 6896K, committed 7040K, reserved 1056768K
  class space    used 573K, capacity 616K, committed 640K, reserved 1048576K
Event: 1.231 GC heap after
Heap after GC invocations=1 (full 0):
 PSYoungGen      total 38400K, used 5111K [0x00000000eab00000, 0x00000000ef600000, 0x0000000100000000)
  eden space 33280K, 0% used [0x00000000eab00000,0x00000000eab00000,0x00000000ecb80000)
  from space 5120K, 99% used [0x00000000ecb80000,0x00000000ed07dc78,0x00000000ed080000)
  to   space 5120K, 0% used [0x00000000ef100000,0x00000000ef100000,0x00000000ef600000)
 ParOldGen       total 87552K, used 1391K [0x00000000c0000000, 0x00000000c5580000, 0x00000000eab00000)
  object space 87552K, 1% used [0x00000000c0000000,0x00000000c015be90,0x00000000c5580000)
 Metaspace       used 5903K, capacity 6896K, committed 7040K, reserved 1056768K
  class space    used 573K, capacity 616K, committed 640K, reserved 1048576K
}

Deoptimization events (4 events):
Event: 0.266 Thread 0x000000000224d800 Uncommon trap: reason=unstable_if action=reinterpret pc=0x0000000002971ec8 method=java.lang.String.indexOf(II)I @ 49
Event: 0.762 Thread 0x000000000224d800 Uncommon trap: reason=unstable_if action=reinterpret pc=0x0000000002a4f670 method=java.util.HashMap.getNode(ILjava/lang/Object;)Ljava/util/HashMap$Node; @ 62
Event: 0.914 Thread 0x000000000224d800 Uncommon trap: reason=bimorphic action=maybe_recompile pc=0x0000000002ae96e8 method=java.util.HashMap.getNode(ILjava/lang/Object;)Ljava/util/HashMap$Node; @ 126
Event: 0.993 Thread 0x0000000056df5800 Uncommon trap: reason=bimorphic action=maybe_recompile pc=0x0000000002ae96e8 method=java.util.HashMap.getNode(ILjava/lang/Object;)Ljava/util/HashMap$Node; @ 126

Internal exceptions (2 events):
Event: 0.070 Thread 0x000000000224d800 Exception <a 'java/lang/NoSuchMethodError': Method sun.misc.Unsafe.defineClass(Ljava/lang/String;[BII)Ljava/lang/Class; name or signature does not match> (0x00000000eab07cc0) thrown at [C:\src\android\AOSP-openjdk\external\jetbrains\jdk\hotspot\src\share\v-5ç±?
Event: 0.070 Thread 0x000000000224d800 Exception <a 'java/lang/NoSuchMethodError': Method sun.misc.Unsafe.prefetchRead(Ljava/lang/Object;J)V name or signature does not match> (0x00000000eab07fa8) thrown at [C:\src\android\AOSP-openjdk\external\jetbrains\jdk\hotspot\src\share\vm\prims\jni.cpp, l

Events (10 events):
Event: 0.914 Thread 0x000000000224d800 DEOPT UNPACKING pc=0x000000000287556a sp=0x000000000255e448 mode 2
Event: 0.993 Thread 0x0000000056df5800 Uncommon trap: trap_request=0xffffffc6 fr.pc=0x0000000002ae96e8
Event: 0.993 Thread 0x0000000056df5800 DEOPT PACKING pc=0x0000000002ae96e8 sp=0x000000005772e950
Event: 0.993 Thread 0x0000000056df5800 DEOPT UNPACKING pc=0x000000000287556a sp=0x000000005772e878 mode 2
Event: 1.054 loading class com/android/dx/rop/code/RegOps
Event: 1.054 loading class com/android/dx/rop/code/RegOps done
Event: 1.101 Executing VM operation: ForceSafepoint
Event: 1.152 Executing VM operation: ForceSafepoint done
Event: 1.178 Executing VM operation: ParallelGCFailedAllocation
Event: 1.231 Executing VM operation: ParallelGCFailedAllocation done


Dynamic libraries:
0x000000013f4f0000 - 0x000000013f521000 	C:\Program Files\Android\Android Studio\jre\bin\java.exe
0x0000000077310000 - 0x00000000774bb000 	C:\Windows\SYSTEM32\ntdll.dll
0x00000000770f0000 - 0x000000007720f000 	C:\Windows\system32\kernel32.dll
0x000007fefd590000 - 0x000007fefd5fb000 	C:\Windows\system32\KERNELBASE.dll
0x000007fefd850000 - 0x000007fefd92b000 	C:\Windows\system32\ADVAPI32.dll
0x000007fefd930000 - 0x000007fefd9cf000 	C:\Windows\system32\msvcrt.dll
0x000007fefec60000 - 0x000007fefec7f000 	C:\Windows\SYSTEM32\sechost.dll
0x000007fefdda0000 - 0x000007fefdece000 	C:\Windows\system32\RPCRT4.dll
0x0000000077210000 - 0x000000007730a000 	C:\Windows\system32\USER32.dll
0x000007feff330000 - 0x000007feff397000 	C:\Windows\system32\GDI32.dll
0x000007feff040000 - 0x000007feff04e000 	C:\Windows\system32\LPK.dll
0x000007fefee40000 - 0x000007fefef0a000 	C:\Windows\system32\USP10.dll
0x000007fefb940000 - 0x000007fefbb34000 	C:\Windows\WinSxS\amd64_microsoft.windows.common-controls_6595b64144ccf1df_6.0.7600.16385_none_fa645303170382f6\COMCTL32.dll
0x000007fefedc0000 - 0x000007fefee31000 	C:\Windows\system32\SHLWAPI.dll
0x000007fefec80000 - 0x000007fefecae000 	C:\Windows\system32\IMM32.DLL
0x000007fefecb0000 - 0x000007fefedb9000 	C:\Windows\system32\MSCTF.dll
0x000000006d960000 - 0x000000006da32000 	C:\Program Files\Android\Android Studio\jre\jre\bin\msvcr100.dll
0x000000006da40000 - 0x000000006e274000 	C:\Program Files\Android\Android Studio\jre\jre\bin\server\jvm.dll
0x000007fef8c80000 - 0x000007fef8c89000 	C:\Windows\system32\WSOCK32.dll
0x000007fefdcb0000 - 0x000007fefdcfd000 	C:\Windows\system32\WS2_32.dll
0x000007feff320000 - 0x000007feff328000 	C:\Windows\system32\NSI.dll
0x000007fef9930000 - 0x000007fef996b000 	C:\Windows\system32\WINMM.dll
0x000007fefc3e0000 - 0x000007fefc3ec000 	C:\Windows\system32\VERSION.dll
0x00000000774e0000 - 0x00000000774e7000 	C:\Windows\system32\PSAPI.DLL
0x000007fef8ca0000 - 0x000007fef8caf000 	C:\Program Files\Android\Android Studio\jre\jre\bin\verify.dll
0x000007fef7f60000 - 0x000007fef7f89000 	C:\Program Files\Android\Android Studio\jre\jre\bin\java.dll
0x000007fef7f40000 - 0x000007fef7f56000 	C:\Program Files\Android\Android Studio\jre\jre\bin\zip.dll
0x000007fefded0000 - 0x000007fefec56000 	C:\Windows\system32\SHELL32.dll
0x000007fefd640000 - 0x000007fefd841000 	C:\Windows\system32\ole32.dll
0x000007fefd270000 - 0x000007fefd27f000 	C:\Windows\system32\profapi.dll
0x000007fef74b0000 - 0x000007fef75d5000 	C:\Windows\system32\dbghelp.dll

VM Arguments:
jvm_args: -Djava.awt.headless=true -Xmx1024M -Dfile.encoding=windows-1252 -Duser.country=US -Duser.language=en -Duser.variant 
java_command: com.android.dx.command.Main --dex --num-threads=4 --output D:\Spulla update\Spulla\app\build\intermediates\pre-dexed\debug\com.google.android.gms-play-services-location-9.0.2_623622404624cc8fbe755ee346e8a5e46654da0d.jar D:\Spulla update\Spulla\app\build\intermediates\exploded-aar\com.google.android.gms\play-services-location\9.0.2\jars\classes.jar
java_class_path (initial): E:\Android\sdk\build-tools\24.0.1\lib\dx.jar
Launcher Type: SUN_STANDARD

Environment Variables:
PATH=C:\Windows\system32;C:\Windows;C:\Windows\System32\Wbem;C:\Windows\System32\WindowsPowerShell\v1.0\;C:\Program Files (x86)\Skype\Phone\
USERNAME=Risein
OS=Windows_NT
PROCESSOR_IDENTIFIER=Intel64 Family 6 Model 58 Stepping 9, GenuineIntel



---------------  S Y S T E M  ---------------

OS: Windows 7 , 64 bit Build 7600 (6.1.7600.16385)

CPU:total 4 (4 cores per cpu, 1 threads per core) family 6 model 58 stepping 9, cmov, cx8, fxsr, mmx, sse, sse2, sse3, ssse3, sse4.1, sse4.2, popcnt, aes, clmul, erms, tsc, tscinvbit, tscinv

Memory: 4k page, physical 8284892k(3899336k free), swap 16567888k(11370056k free)

vm_info: OpenJDK 64-Bit Server VM (25.76-b03) for windows-amd64 JRE (1.8.0_76-release-b03), built on Jun 29 2016 19:09:20 by "ralucas" with MS VC++ 10.0 (VS2010)

time: Fri Nov 25 14:19:49 2016
elapsed time: 1 seconds (0d 0h 0m 1s)

