#
# A fatal error has been detected by the Java Runtime Environment:
#
#  EXCEPTION_ACCESS_VIOLATION (0xc0000005) at pc=0x000000006debee18, pid=3004, tid=0x0000000000000724
#
# JRE version: OpenJDK Runtime Environment (8.0_76-b03) (build 1.8.0_76-release-b03)
# Java VM: OpenJDK 64-Bit Server VM (25.76-b03 mixed mode windows-amd64 compressed oops)
# Problematic frame:
# V  [jvm.dll+0x47ee18]
#
# Failed to write core dump. Minidumps are not enabled by default on client versions of Windows
#
# If you would like to submit a bug report, please visit:
#   http://bugreport.java.com/bugreport/crash.jsp
#

---------------  T H R E A D  ---------------

Current thread (0x0000000054f26800):  JavaThread "C2 CompilerThread0" daemon [_thread_in_native, id=1828, stack(0x0000000056920000,0x0000000056a20000)]

siginfo: ExceptionCode=0xc0000005, reading address 0x0000000856bf0d48

Registers:
RAX=0x00000000582a1f18, RBX=0x0000000000000001, RCX=0x0000000856bf0d20, RDX=0x0000000000000000
RSP=0x0000000056a1c190, RBP=0x0000000057a82f90, RSI=0x0000000000000001, RDI=0x0000000056a1c310
R8 =0x0000000000001000, R9 =0x0000000056c50480, R10=0x000000006e1fa418, R11=0x000000006da40000
R12=0x0000000056bf0d80, R13=0x0000000000000000, R14=0x00000000582a1d90, R15=0x00000000581f8640
RIP=0x000000006debee18, EFLAGS=0x0000000000010283

Top of Stack: (sp=0x0000000056a1c190)
0x0000000056a1c190:   0000000000000564 0000000000000090
0x0000000056a1c1a0:   0000000057a83b80 0000000000000000
0x0000000056a1c1b0:   00000000000002f0 0000000054eb7ad0
0x0000000056a1c1c0:   0000000057b9d150 00000000000cb1b8
0x0000000056a1c1d0:   0000000057b9f1a0 0000000057ba5138
0x0000000056a1c1e0:   000000006e06f3f8 0000000054eb7ad0
0x0000000056a1c1f0:   0000000000000010 0000000057a84dc0
0x0000000056a1c200:   0000000056a1c2d0 00000000000003d8
0x0000000056a1c210:   0000000056a3f5f8 0000000056a3f220
0x0000000056a1c220:   0000000000000000 0000000056a3f210
0x0000000056a1c230:   0000000056a1c350 0000000056a1c5c0
0x0000000056a1c240:   0000000056a1c6d0 000000006de6ead8
0x0000000056a1c250:   0000000000000000 0000000000000001
0x0000000056a1c260:   000000000000005f 0000000000000000
0x0000000056a1c270:   0000000000000002 0000000056a3f210
0x0000000056a1c280:   0000000056c4f210 0000000056c50540 

Instructions: (pc=0x000000006debee18)
0x000000006debedf8:   8d 2c c5 f8 ff ff ff 90 8d 46 ff 41 3b 44 24 18
0x000000006debee08:   73 0c 49 8b 44 24 20 49 8b 4c 05 00 eb 02 33 c9
0x000000006debee18:   48 63 51 28 48 8b 47 40 48 8b 48 18 8b 1c 91 85
0x000000006debee28:   db 74 54 49 8b 47 08 8b cb 48 c1 e9 08 4c 8b 0c 


Register to memory mapping:

RAX=0x00000000582a1f18 is an unknown value
RBX=0x0000000000000001 is an unknown value
RCX=0x0000000856bf0d20 is an unknown value
RDX=0x0000000000000000 is an unknown value
RSP=0x0000000056a1c190 is pointing into the stack for thread: 0x0000000054f26800
RBP=0x0000000057a82f90 is an unknown value
RSI=0x0000000000000001 is an unknown value
RDI=0x0000000056a1c310 is pointing into the stack for thread: 0x0000000054f26800
R8 =0x0000000000001000 is an unknown value
R9 =0x0000000056c50480 is an unknown value
R10=0x000000006e1fa418 is an unknown value
R11=0x000000006da40000 is an unknown value
R12=0x0000000056bf0d80 is an unknown value
R13=0x0000000000000000 is an unknown value
R14=0x00000000582a1d90 is an unknown value
R15=0x00000000581f8640 is an unknown value


Stack: [0x0000000056920000,0x0000000056a20000],  sp=0x0000000056a1c190,  free space=1008k
Native frames: (J=compiled Java code, j=interpreted, Vv=VM code, C=native code)
V  [jvm.dll+0x47ee18]
V  [jvm.dll+0x42ead8]
V  [jvm.dll+0x43931b]
V  [jvm.dll+0x43badf]
V  [jvm.dll+0x41f212]
V  [jvm.dll+0x806e9]
V  [jvm.dll+0x8101f]
V  [jvm.dll+0x21bc14]
V  [jvm.dll+0x26b60a]
C  [msvcr100.dll+0x21d9f]
C  [msvcr100.dll+0x21e3b]
C  [kernel32.dll+0x1f56d]
C  [ntdll.dll+0x33281]


Current CompileTask:
C2:   2300 1647       4       com.android.dx.rop.cst.CstBaseMethodRef::getPrototype (41 bytes)


---------------  P R O C E S S  ---------------

Java Threads: ( => current thread )
  0x0000000056e06000 JavaThread "pool-1-thread-4" [_thread_blocked, id=3016, stack(0x0000000057820000,0x0000000057920000)]
  0x0000000056e05800 JavaThread "pool-1-thread-3" [_thread_blocked, id=2176, stack(0x0000000057710000,0x0000000057810000)]
  0x0000000056da3800 JavaThread "pool-1-thread-2" [_thread_blocked, id=3264, stack(0x00000000575c0000,0x00000000576c0000)]
  0x0000000056da3000 JavaThread "pool-2-thread-1" [_thread_blocked, id=1516, stack(0x0000000057230000,0x0000000057330000)]
  0x0000000056da1000 JavaThread "pool-1-thread-1" [_thread_blocked, id=4108, stack(0x0000000055f40000,0x0000000056040000)]
  0x0000000056a84800 JavaThread "Service Thread" daemon [_thread_blocked, id=3536, stack(0x0000000057080000,0x0000000057180000)]
  0x0000000056a72800 JavaThread "C1 CompilerThread2" daemon [_thread_blocked, id=4692, stack(0x0000000056f10000,0x0000000057010000)]
  0x0000000054f2f800 JavaThread "C2 CompilerThread1" daemon [_thread_blocked, id=2660, stack(0x0000000056380000,0x0000000056480000)]
=>0x0000000054f26800 JavaThread "C2 CompilerThread0" daemon [_thread_in_native, id=1828, stack(0x0000000056920000,0x0000000056a20000)]
  0x0000000054f23000 JavaThread "Attach Listener" daemon [_thread_blocked, id=3404, stack(0x0000000056760000,0x0000000056860000)]
  0x0000000054f21800 JavaThread "Signal Dispatcher" daemon [_thread_blocked, id=4900, stack(0x0000000056660000,0x0000000056760000)]
  0x0000000054f01000 JavaThread "Finalizer" daemon [_thread_blocked, id=4800, stack(0x00000000564a0000,0x00000000565a0000)]
  0x0000000054ebf800 JavaThread "Reference Handler" daemon [_thread_blocked, id=4792, stack(0x0000000056210000,0x0000000056310000)]
  0x00000000005ed800 JavaThread "main" [_thread_blocked, id=4996, stack(0x0000000002330000,0x0000000002430000)]

Other Threads:
  0x0000000054eb8000 VMThread [stack: 0x0000000056050000,0x0000000056150000] [id=4668]
  0x0000000056a85800 WatcherThread [stack: 0x0000000057330000,0x0000000057430000] [id=4356]

VM state:not at safepoint (normal execution)

VM Mutex/Monitor currently owned by a thread:  ([mutex/lock_event])
[0x00000000005ec800] Compile_lock - owner thread: 0x0000000056da3800

Heap:
 PSYoungGen      total 38400K, used 15971K [0x00000000eab00000, 0x00000000ef600000, 0x0000000100000000)
  eden space 33280K, 32% used [0x00000000eab00000,0x00000000eb5a0130,0x00000000ecb80000)
  from space 5120K, 99% used [0x00000000ecb80000,0x00000000ed078d58,0x00000000ed080000)
  to   space 5120K, 0% used [0x00000000ef100000,0x00000000ef100000,0x00000000ef600000)
 ParOldGen       total 87552K, used 10057K [0x00000000c0000000, 0x00000000c5580000, 0x00000000eab00000)
  object space 87552K, 11% used [0x00000000c0000000,0x00000000c09d25c0,0x00000000c5580000)
 Metaspace       used 6137K, capacity 7088K, committed 7296K, reserved 1056768K
  class space    used 572K, capacity 616K, committed 640K, reserved 1048576K

Card table byte_map: [0x0000000011ac0000,0x0000000011cd0000] byte_map_base: 0x00000000114c0000

Marking Bits: (ParMarkBitMap*) 0x000000006e1f9d00
 Begin Bits: [0x0000000012330000, 0x0000000013330000)
 End Bits:   [0x0000000013330000, 0x0000000014330000)

Polling page: 0x0000000000130000

CodeCache: size=245760Kb used=6447Kb max_used=6456Kb free=239312Kb
 bounds [0x0000000002700000, 0x0000000002d60000, 0x0000000011700000]
 total_blobs=1915 nmethods=1648 adapters=181
 compilation: enabled

Compilation events (10 events):
Event: 2.242 Thread 0x0000000054f2f800 1648       4       com.android.dx.rop.type.StdTypeList::getType (6 bytes)
Event: 2.242 Thread 0x0000000056a72800 1649       3       java.util.concurrent.locks.AbstractQueuedSynchronizer::shouldParkAfterFailedAcquire (50 bytes)
Event: 2.242 Thread 0x0000000056a72800 nmethod 1649 0x0000000002d39090 code [0x0000000002d39200, 0x0000000002d39530]
Event: 2.243 Thread 0x0000000054f2f800 nmethod 1648 0x0000000002d50650 code [0x0000000002d507a0, 0x0000000002d50858]
Event: 2.243 Thread 0x0000000054f2f800 1650       4       com.android.dx.util.ByteArray::<init> (81 bytes)
Event: 2.244 Thread 0x0000000054f2f800 nmethod 1650 0x0000000002d31b50 code [0x0000000002d31ca0, 0x0000000002d31d98]
Event: 2.244 Thread 0x0000000056a72800 1651       3       java.util.concurrent.locks.AbstractQueuedSynchronizer::unparkSuccessor (84 bytes)
Event: 2.245 Thread 0x0000000056a72800 nmethod 1651 0x0000000002d2cb10 code [0x0000000002d2cca0, 0x0000000002d2d1e8]
Event: 2.260 Thread 0x0000000054f2f800 1654 %     4       com.android.dx.ssa.SsaConverter::placePhiFunctions @ 131 (394 bytes)
Event: 2.283 Thread 0x0000000056a72800 1659   !   3       com.android.dx.cf.code.RopperMachine::run (1550 bytes)

GC Heap History (6 events):
Event: 1.409 GC heap before
{Heap before GC invocations=1 (full 0):
 PSYoungGen      total 38400K, used 33280K [0x00000000eab00000, 0x00000000ed580000, 0x0000000100000000)
  eden space 33280K, 100% used [0x00000000eab00000,0x00000000ecb80000,0x00000000ecb80000)
  from space 5120K, 0% used [0x00000000ed080000,0x00000000ed080000,0x00000000ed580000)
  to   space 5120K, 0% used [0x00000000ecb80000,0x00000000ecb80000,0x00000000ed080000)
 ParOldGen       total 87552K, used 0K [0x00000000c0000000, 0x00000000c5580000, 0x00000000eab00000)
  object space 87552K, 0% used [0x00000000c0000000,0x00000000c0000000,0x00000000c5580000)
 Metaspace       used 5856K, capacity 6896K, committed 7040K, reserved 1056768K
  class space    used 570K, capacity 616K, committed 640K, reserved 1048576K
Event: 1.419 GC heap after
Heap after GC invocations=1 (full 0):
 PSYoungGen      total 38400K, used 5092K [0x00000000eab00000, 0x00000000ed580000, 0x0000000100000000)
  eden space 33280K, 0% used [0x00000000eab00000,0x00000000eab00000,0x00000000ecb80000)
  from space 5120K, 99% used [0x00000000ecb80000,0x00000000ed079290,0x00000000ed080000)
  to   space 5120K, 0% used [0x00000000ed080000,0x00000000ed080000,0x00000000ed580000)
 ParOldGen       total 87552K, used 784K [0x00000000c0000000, 0x00000000c5580000, 0x00000000eab00000)
  object space 87552K, 0% used [0x00000000c0000000,0x00000000c00c43b0,0x00000000c5580000)
 Metaspace       used 5856K, capacity 6896K, committed 7040K, reserved 1056768K
  class space    used 570K, capacity 616K, committed 640K, reserved 1048576K
}
Event: 1.649 GC heap before
{Heap before GC invocations=2 (full 0):
 PSYoungGen      total 38400K, used 38372K [0x00000000eab00000, 0x00000000ed580000, 0x0000000100000000)
  eden space 33280K, 100% used [0x00000000eab00000,0x00000000ecb80000,0x00000000ecb80000)
  from space 5120K, 99% used [0x00000000ecb80000,0x00000000ed079290,0x00000000ed080000)
  to   space 5120K, 0% used [0x00000000ed080000,0x00000000ed080000,0x00000000ed580000)
 ParOldGen       total 87552K, used 784K [0x00000000c0000000, 0x00000000c5580000, 0x00000000eab00000)
  object space 87552K, 0% used [0x00000000c0000000,0x00000000c00c43b0,0x00000000c5580000)
 Metaspace       used 6013K, capacity 7024K, committed 7296K, reserved 1056768K
  class space    used 571K, capacity 616K, committed 640K, reserved 1048576K
Event: 1.667 GC heap after
Heap after GC invocations=2 (full 0):
 PSYoungGen      total 38400K, used 5100K [0x00000000eab00000, 0x00000000ef600000, 0x0000000100000000)
  eden space 33280K, 0% used [0x00000000eab00000,0x00000000eab00000,0x00000000ecb80000)
  from space 5120K, 99% used [0x00000000ed080000,0x00000000ed57b318,0x00000000ed580000)
  to   space 5120K, 0% used [0x00000000ecb80000,0x00000000ecb80000,0x00000000ed080000)
 ParOldGen       total 87552K, used 5171K [0x00000000c0000000, 0x00000000c5580000, 0x00000000eab00000)
  object space 87552K, 5% used [0x00000000c0000000,0x00000000c050cc58,0x00000000c5580000)
 Metaspace       used 6013K, capacity 7024K, committed 7296K, reserved 1056768K
  class space    used 571K, capacity 616K, committed 640K, reserved 1048576K
}
Event: 1.932 GC heap before
{Heap before GC invocations=3 (full 0):
 PSYoungGen      total 38400K, used 38380K [0x00000000eab00000, 0x00000000ef600000, 0x0000000100000000)
  eden space 33280K, 100% used [0x00000000eab00000,0x00000000ecb80000,0x00000000ecb80000)
  from space 5120K, 99% used [0x00000000ed080000,0x00000000ed57b318,0x00000000ed580000)
  to   space 5120K, 0% used [0x00000000ecb80000,0x00000000ecb80000,0x00000000ed080000)
 ParOldGen       total 87552K, used 5171K [0x00000000c0000000, 0x00000000c5580000, 0x00000000eab00000)
  object space 87552K, 5% used [0x00000000c0000000,0x00000000c050cc58,0x00000000c5580000)
 Metaspace       used 6098K, capacity 7024K, committed 7296K, reserved 1056768K
  class space    used 571K, capacity 616K, committed 640K, reserved 1048576K
Event: 1.952 GC heap after
Heap after GC invocations=3 (full 0):
 PSYoungGen      total 38400K, used 5091K [0x00000000eab00000, 0x00000000ef600000, 0x0000000100000000)
  eden space 33280K, 0% used [0x00000000eab00000,0x00000000eab00000,0x00000000ecb80000)
  from space 5120K, 99% used [0x00000000ecb80000,0x00000000ed078d58,0x00000000ed080000)
  to   space 5120K, 0% used [0x00000000ef100000,0x00000000ef100000,0x00000000ef600000)
 ParOldGen       total 87552K, used 10057K [0x00000000c0000000, 0x00000000c5580000, 0x00000000eab00000)
  object space 87552K, 11% used [0x00000000c0000000,0x00000000c09d25c0,0x00000000c5580000)
 Metaspace       used 6098K, capacity 7024K, committed 7296K, reserved 1056768K
  class space    used 571K, capacity 616K, committed 640K, reserved 1048576K
}

Deoptimization events (10 events):
Event: 2.249 Thread 0x0000000056da3800 Uncommon trap: reason=class_check action=maybe_recompile pc=0x0000000002d489c4 method=com.android.dx.cf.code.RopperMachine.run(Lcom/android/dx/cf/code/Frame;II)V @ 978
Event: 2.249 Thread 0x0000000056da3800 Uncommon trap: reason=unstable_if action=reinterpret pc=0x0000000002d47f28 method=com.android.dx.cf.code.RopperMachine.run(Lcom/android/dx/cf/code/Frame;II)V @ 927
Event: 2.250 Thread 0x0000000056da3800 Uncommon trap: reason=bimorphic action=maybe_recompile pc=0x0000000002c8ab5c method=com.android.dx.ssa.SCCP.simulatePhi(Lcom/android/dx/ssa/PhiInsn;)V @ 124
Event: 2.250 Thread 0x0000000056da3800 Uncommon trap: reason=unstable_if action=reinterpret pc=0x0000000002c15cec method=com.android.dx.ssa.SCCP.simulateStmt(Lcom/android/dx/ssa/SsaInsn;)V @ 469
Event: 2.250 Thread 0x0000000056da3800 Uncommon trap: reason=unstable_if action=reinterpret pc=0x0000000002c7642c method=com.android.dx.ssa.LiteralOpUpgrader$1.visitNonMoveInsn(Lcom/android/dx/ssa/NormalSsaInsn;)V @ 151
Event: 2.250 Thread 0x0000000056da3800 Uncommon trap: reason=bimorphic action=maybe_recompile pc=0x0000000002b98d7c method=java.util.HashMap.getNode(ILjava/lang/Object;)Ljava/util/HashMap$Node; @ 126
Event: 2.250 Thread 0x0000000056da3800 Uncommon trap: reason=class_check action=maybe_recompile pc=0x0000000002b6524c method=java.util.HashMap.putVal(ILjava/lang/Object;Ljava/lang/Object;ZZ)Ljava/lang/Object; @ 203
Event: 2.250 Thread 0x0000000056da3800 Uncommon trap: reason=class_check action=maybe_recompile pc=0x0000000002b6524c method=java.util.HashMap.putVal(ILjava/lang/Object;Ljava/lang/Object;ZZ)Ljava/lang/Object; @ 203
Event: 2.250 Thread 0x0000000056da3800 Uncommon trap: reason=bimorphic action=maybe_recompile pc=0x0000000002920510 method=java.util.HashMap.getNode(ILjava/lang/Object;)Ljava/util/HashMap$Node; @ 126
Event: 2.251 Thread 0x0000000056da3800 Uncommon trap: reason=unstable_if action=reinterpret pc=0x0000000002c47090 method=com.android.dx.rop.code.DexTranslationAdvice.requiresSourcesInOrder(Lcom/android/dx/rop/code/Rop;Lcom/android/dx/rop/code/RegisterSpecList;)Z @ 21

Internal exceptions (2 events):
Event: 0.033 Thread 0x00000000005ed800 Exception <a 'java/lang/NoSuchMethodError': Method sun.misc.Unsafe.defineClass(Ljava/lang/String;[BII)Ljava/lang/Class; name or signature does not match> (0x00000000eab07cc0) thrown at [C:\src\android\AOSP-openjdk\external\jetbrains\jdk\hotspot\src\share\vШdща?
Event: 0.033 Thread 0x00000000005ed800 Exception <a 'java/lang/NoSuchMethodError': Method sun.misc.Unsafe.prefetchRead(Ljava/lang/Object;J)V name or signature does not match> (0x00000000eab07fa8) thrown at [C:\src\android\AOSP-openjdk\external\jetbrains\jdk\hotspot\src\share\vm\prims\jni.cpp, l

Events (10 events):
Event: 2.250 Thread 0x0000000056da3800 DEOPT UNPACKING pc=0x000000000274556a sp=0x00000000576be8f8 mode 2
Event: 2.251 Thread 0x0000000056da3800 Uncommon trap: trap_request=0xffffff65 fr.pc=0x0000000002c47090
Event: 2.251 Thread 0x0000000056da3800 DEOPT PACKING pc=0x0000000002c47090 sp=0x00000000576bebb0
Event: 2.251 Thread 0x0000000056da3800 DEOPT UNPACKING pc=0x000000000274556a sp=0x00000000576beb10 mode 2
Event: 2.251 loading class java/util/TreeMap$EntrySet
Event: 2.251 loading class java/util/TreeMap$EntrySet done
Event: 2.251 loading class java/util/TreeMap$EntryIterator
Event: 2.251 loading class java/util/TreeMap$EntryIterator done
Event: 2.265 Executing VM operation: Deoptimize
Event: 2.265 Executing VM operation: Deoptimize done


Dynamic libraries:
0x000000013f8b0000 - 0x000000013f8e1000 	C:\Program Files\Android\Android Studio\jre\bin\java.exe
0x0000000077310000 - 0x00000000774bb000 	C:\Windows\SYSTEM32\ntdll.dll
0x00000000770f0000 - 0x000000007720f000 	C:\Windows\system32\kernel32.dll
0x000007fefd590000 - 0x000007fefd5fb000 	C:\Windows\system32\KERNELBASE.dll
0x000007fefd850000 - 0x000007fefd92b000 	C:\Windows\system32\ADVAPI32.dll
0x000007fefd930000 - 0x000007fefd9cf000 	C:\Windows\system32\msvcrt.dll
0x000007fefec60000 - 0x000007fefec7f000 	C:\Windows\SYSTEM32\sechost.dll
0x000007fefdda0000 - 0x000007fefdece000 	C:\Windows\system32\RPCRT4.dll
0x0000000077210000 - 0x000000007730a000 	C:\Windows\system32\USER32.dll
0x000007feff330000 - 0x000007feff397000 	C:\Windows\system32\GDI32.dll
0x000007feff040000 - 0x000007feff04e000 	C:\Windows\system32\LPK.dll
0x000007fefee40000 - 0x000007fefef0a000 	C:\Windows\system32\USP10.dll
0x000007fefb940000 - 0x000007fefbb34000 	C:\Windows\WinSxS\amd64_microsoft.windows.common-controls_6595b64144ccf1df_6.0.7600.16385_none_fa645303170382f6\COMCTL32.dll
0x000007fefedc0000 - 0x000007fefee31000 	C:\Windows\system32\SHLWAPI.dll
0x000007fefec80000 - 0x000007fefecae000 	C:\Windows\system32\IMM32.DLL
0x000007fefecb0000 - 0x000007fefedb9000 	C:\Windows\system32\MSCTF.dll
0x000000006d960000 - 0x000000006da32000 	C:\Program Files\Android\Android Studio\jre\jre\bin\msvcr100.dll
0x000000006da40000 - 0x000000006e274000 	C:\Program Files\Android\Android Studio\jre\jre\bin\server\jvm.dll
0x000007fef8c80000 - 0x000007fef8c89000 	C:\Windows\system32\WSOCK32.dll
0x000007fefdcb0000 - 0x000007fefdcfd000 	C:\Windows\system32\WS2_32.dll
0x000007feff320000 - 0x000007feff328000 	C:\Windows\system32\NSI.dll
0x000007fef9930000 - 0x000007fef996b000 	C:\Windows\system32\WINMM.dll
0x000007fefc3e0000 - 0x000007fefc3ec000 	C:\Windows\system32\VERSION.dll
0x00000000774e0000 - 0x00000000774e7000 	C:\Windows\system32\PSAPI.DLL
0x000007fef8ca0000 - 0x000007fef8caf000 	C:\Program Files\Android\Android Studio\jre\jre\bin\verify.dll
0x000007fef7f60000 - 0x000007fef7f89000 	C:\Program Files\Android\Android Studio\jre\jre\bin\java.dll
0x000007fef7f40000 - 0x000007fef7f56000 	C:\Program Files\Android\Android Studio\jre\jre\bin\zip.dll
0x000007fefded0000 - 0x000007fefec56000 	C:\Windows\system32\SHELL32.dll
0x000007fefd640000 - 0x000007fefd841000 	C:\Windows\system32\ole32.dll
0x000007fefd270000 - 0x000007fefd27f000 	C:\Windows\system32\profapi.dll
0x000007fef74b0000 - 0x000007fef75d5000 	C:\Windows\system32\dbghelp.dll

VM Arguments:
jvm_args: -Djava.awt.headless=true -Xmx1024M -Dfile.encoding=windows-1252 -Duser.country=US -Duser.language=en -Duser.variant 
java_command: com.android.dx.command.Main --dex --num-threads=4 --output D:\Spulla update\Spulla\app\build\intermediates\pre-dexed\debug\com.google.android.gms-play-services-maps-9.0.2_96a23916331708eb4e5122392e68a9b50f67a881.jar D:\Spulla update\Spulla\app\build\intermediates\exploded-aar\com.google.android.gms\play-services-maps\9.0.2\jars\classes.jar
java_class_path (initial): E:\Android\sdk\build-tools\24.0.1\lib\dx.jar
Launcher Type: SUN_STANDARD

Environment Variables:
PATH=C:\Windows\system32;C:\Windows;C:\Windows\System32\Wbem;C:\Windows\System32\WindowsPowerShell\v1.0\;C:\Program Files (x86)\Skype\Phone\
USERNAME=Risein
OS=Windows_NT
PROCESSOR_IDENTIFIER=Intel64 Family 6 Model 58 Stepping 9, GenuineIntel



---------------  S Y S T E M  ---------------

OS: Windows 7 , 64 bit Build 7600 (6.1.7600.16385)

CPU:total 4 (4 cores per cpu, 1 threads per core) family 6 model 58 stepping 9, cmov, cx8, fxsr, mmx, sse, sse2, sse3, ssse3, sse4.1, sse4.2, popcnt, aes, clmul, erms, tsc, tscinvbit, tscinv

Memory: 4k page, physical 8284892k(4495044k free), swap 16567888k(12090524k free)

vm_info: OpenJDK 64-Bit Server VM (25.76-b03) for windows-amd64 JRE (1.8.0_76-release-b03), built on Jun 29 2016 19:09:20 by "ralucas" with MS VC++ 10.0 (VS2010)

time: Fri Nov 25 14:32:35 2016
elapsed time: 2 seconds (0d 0h 0m 2s)

